<?xml version="1.0" encoding="UTF-8"?>
<robot generator="Robot 6.1.1 (Python 3.11.7 on win32)" generated="20250816 01:35:57.557" rpa="false" schemaversion="4">
<suite id="s1" name="TC FE" source="c:\Users\Fatih.arslancan.HAUD\OneDrive - HAUD Systems Ltd\Documents\Automation\fatih_arslancan_case\robot-automation\Tests\FE\TC_FE.robot">
<kw name="Run Keywords" library="BuiltIn" type="SETUP">
<arg>Init Text Logger</arg>
<arg>AND</arg>
<arg>Log Info</arg>
<arg>Suite setup started</arg>
<arg>AND</arg>
<arg>Register Keyword To Run On Failure</arg>
<arg>None</arg>
<arg>AND</arg>
<arg>Init Text Logger</arg>
<arg>AND</arg>
<arg>Log Info</arg>
<arg>Suite setup Done</arg>
<doc>Executes all the given keywords in a sequence.</doc>
<kw name="Init Text Logger" library="TextLogger">
<kw name="Get Current Date" library="DateTime">
<var>${date}</var>
<arg>result_format=${LOG_DATE_FMT}</arg>
<doc>Returns current local or UTC time with an optional increment.</doc>
<msg timestamp="20250816 01:35:58.386" level="INFO">${date} = 20250816</msg>
<status status="PASS" starttime="20250816 01:35:58.386" endtime="20250816 01:35:58.388"/>
</kw>
<kw name="Create Directory" library="OperatingSystem">
<arg>${log_dir}</arg>
<doc>Creates the specified directory.</doc>
<msg timestamp="20250816 01:35:58.389" level="INFO" html="true">Directory '&lt;a href="file://C:\Users\Fatih.arslancan.HAUD\OneDrive - HAUD Systems Ltd\Documents\Automation\fatih_arslancan_case\logs"&gt;C:\Users\Fatih.arslancan.HAUD\OneDrive - HAUD Systems Ltd\Documents\Automation\fatih_arslancan_case\logs&lt;/a&gt;' already exists.</msg>
<status status="PASS" starttime="20250816 01:35:58.388" endtime="20250816 01:35:58.389"/>
</kw>
<kw name="Set Variable" library="BuiltIn">
<var>${LOG_FILE}</var>
<arg>${log_dir}/${file_prefix}_${date}.log</arg>
<doc>Returns the given values which can then be assigned to a variables.</doc>
<msg timestamp="20250816 01:35:58.389" level="INFO">${LOG_FILE} = logs/log_20250816.log</msg>
<status status="PASS" starttime="20250816 01:35:58.389" endtime="20250816 01:35:58.389"/>
</kw>
<kw name="Set Suite Variable" library="BuiltIn">
<arg>${TEXT_LOG_FILE}</arg>
<arg>${LOG_FILE}</arg>
<doc>Makes a variable available everywhere within the scope of the current suite.</doc>
<msg timestamp="20250816 01:35:58.390" level="INFO">${TEXT_LOG_FILE} = logs/log_20250816.log</msg>
<status status="PASS" starttime="20250816 01:35:58.389" endtime="20250816 01:35:58.390"/>
</kw>
<kw name="Get Current Date" library="DateTime">
<var>${now}</var>
<arg>result_format=${LOG_TIME_FMT}</arg>
<doc>Returns current local or UTC time with an optional increment.</doc>
<msg timestamp="20250816 01:35:58.391" level="INFO">${now} = 2025-08-16 01:35:58</msg>
<status status="PASS" starttime="20250816 01:35:58.391" endtime="20250816 01:35:58.391"/>
</kw>
<kw name="Append To File" library="OperatingSystem">
<arg>${TEXT_LOG_FILE}</arg>
<arg>===== Run started ${now} =====\n</arg>
<doc>Appends the given content to the specified file.</doc>
<msg timestamp="20250816 01:35:58.392" level="INFO" html="true">Appended to file '&lt;a href="file://C:\Users\Fatih.arslancan.HAUD\OneDrive - HAUD Systems Ltd\Documents\Automation\fatih_arslancan_case\logs\log_20250816.log"&gt;C:\Users\Fatih.arslancan.HAUD\OneDrive - HAUD Systems Ltd\Documents\Automation\fatih_arslancan_case\logs\log_20250816.log&lt;/a&gt;'.</msg>
<status status="PASS" starttime="20250816 01:35:58.391" endtime="20250816 01:35:58.392"/>
</kw>
<status status="PASS" starttime="20250816 01:35:58.385" endtime="20250816 01:35:58.392"/>
</kw>
<kw name="Log Info" library="TextLogger">
<arg>Suite setup started</arg>
<kw name="Log At Level" library="TextLogger">
<arg>INFO</arg>
<arg>${message}</arg>
<kw name="Get Current Date" library="DateTime">
<var>${now}</var>
<arg>result_format=${LOG_TIME_FMT}</arg>
<doc>Returns current local or UTC time with an optional increment.</doc>
<msg timestamp="20250816 01:35:58.393" level="INFO">${now} = 2025-08-16 01:35:58</msg>
<status status="PASS" starttime="20250816 01:35:58.393" endtime="20250816 01:35:58.393"/>
</kw>
<kw name="Set Variable" library="BuiltIn">
<var>${icon}</var>
<arg>${EMPTY}</arg>
<doc>Returns the given values which can then be assigned to a variables.</doc>
<msg timestamp="20250816 01:35:58.394" level="INFO">${icon} = </msg>
<status status="PASS" starttime="20250816 01:35:58.393" endtime="20250816 01:35:58.394"/>
</kw>
<if>
<branch type="IF" condition="'${level}'=='INFO'">
<kw name="Set Variable" library="BuiltIn">
<var>${icon}</var>
<arg>✅</arg>
<doc>Returns the given values which can then be assigned to a variables.</doc>
<msg timestamp="20250816 01:35:58.395" level="INFO">${icon} = ✅</msg>
<status status="PASS" starttime="20250816 01:35:58.394" endtime="20250816 01:35:58.395"/>
</kw>
<status status="PASS" starttime="20250816 01:35:58.394" endtime="20250816 01:35:58.395"/>
</branch>
<branch type="ELSE IF" condition="'${level}'=='WARN'">
<kw name="Set Variable" library="BuiltIn">
<var>${icon}</var>
<arg>⚠️</arg>
<doc>Returns the given values which can then be assigned to a variables.</doc>
<status status="NOT RUN" starttime="20250816 01:35:58.395" endtime="20250816 01:35:58.395"/>
</kw>
<status status="NOT RUN" starttime="20250816 01:35:58.395" endtime="20250816 01:35:58.396"/>
</branch>
<branch type="ELSE IF" condition="'${level}'=='ERROR'">
<kw name="Set Variable" library="BuiltIn">
<var>${icon}</var>
<arg>❌</arg>
<doc>Returns the given values which can then be assigned to a variables.</doc>
<status status="NOT RUN" starttime="20250816 01:35:58.396" endtime="20250816 01:35:58.396"/>
</kw>
<status status="NOT RUN" starttime="20250816 01:35:58.396" endtime="20250816 01:35:58.396"/>
</branch>
<branch type="ELSE IF" condition="'${level}'=='DEBUG'">
<kw name="Set Variable" library="BuiltIn">
<var>${icon}</var>
<arg>🔄</arg>
<doc>Returns the given values which can then be assigned to a variables.</doc>
<status status="NOT RUN" starttime="20250816 01:35:58.397" endtime="20250816 01:35:58.397"/>
</kw>
<status status="NOT RUN" starttime="20250816 01:35:58.396" endtime="20250816 01:35:58.397"/>
</branch>
<status status="PASS" starttime="20250816 01:35:58.394" endtime="20250816 01:35:58.397"/>
</if>
<kw name="Set Variable" library="BuiltIn">
<var>${line}</var>
<arg>${now} [${level}] ${icon} ${message}\n</arg>
<doc>Returns the given values which can then be assigned to a variables.</doc>
<msg timestamp="20250816 01:35:58.398" level="INFO">${line} = 2025-08-16 01:35:58 [INFO] ✅ Suite setup started
</msg>
<status status="PASS" starttime="20250816 01:35:58.397" endtime="20250816 01:35:58.398"/>
</kw>
<kw name="Append To File" library="OperatingSystem">
<arg>${TEXT_LOG_FILE}</arg>
<arg>${line}</arg>
<doc>Appends the given content to the specified file.</doc>
<msg timestamp="20250816 01:35:58.400" level="INFO" html="true">Appended to file '&lt;a href="file://C:\Users\Fatih.arslancan.HAUD\OneDrive - HAUD Systems Ltd\Documents\Automation\fatih_arslancan_case\logs\log_20250816.log"&gt;C:\Users\Fatih.arslancan.HAUD\OneDrive - HAUD Systems Ltd\Documents\Automation\fatih_arslancan_case\logs\log_20250816.log&lt;/a&gt;'.</msg>
<status status="PASS" starttime="20250816 01:35:58.399" endtime="20250816 01:35:58.400"/>
</kw>
<kw name="Log" library="BuiltIn">
<arg>${icon} ${message}</arg>
<arg>${level}</arg>
<doc>Logs the given message with the given level.</doc>
<msg timestamp="20250816 01:35:58.401" level="INFO">✅ Suite setup started</msg>
<status status="PASS" starttime="20250816 01:35:58.401" endtime="20250816 01:35:58.402"/>
</kw>
<status status="PASS" starttime="20250816 01:35:58.392" endtime="20250816 01:35:58.402"/>
</kw>
<status status="PASS" starttime="20250816 01:35:58.392" endtime="20250816 01:35:58.402"/>
</kw>
<kw name="Register Keyword To Run On Failure" library="RPA.Browser.Selenium">
<arg>None</arg>
<doc>Sets the keyword to execute, when a SeleniumLibrary keyword fails.</doc>
<msg timestamp="20250816 01:35:58.402" level="INFO">No keyword will be run on failure.</msg>
<status status="PASS" starttime="20250816 01:35:58.402" endtime="20250816 01:35:58.403"/>
</kw>
<kw name="Init Text Logger" library="TextLogger">
<kw name="Get Current Date" library="DateTime">
<var>${date}</var>
<arg>result_format=${LOG_DATE_FMT}</arg>
<doc>Returns current local or UTC time with an optional increment.</doc>
<msg timestamp="20250816 01:35:58.404" level="INFO">${date} = 20250816</msg>
<status status="PASS" starttime="20250816 01:35:58.404" endtime="20250816 01:35:58.404"/>
</kw>
<kw name="Create Directory" library="OperatingSystem">
<arg>${log_dir}</arg>
<doc>Creates the specified directory.</doc>
<msg timestamp="20250816 01:35:58.405" level="INFO" html="true">Directory '&lt;a href="file://C:\Users\Fatih.arslancan.HAUD\OneDrive - HAUD Systems Ltd\Documents\Automation\fatih_arslancan_case\logs"&gt;C:\Users\Fatih.arslancan.HAUD\OneDrive - HAUD Systems Ltd\Documents\Automation\fatih_arslancan_case\logs&lt;/a&gt;' already exists.</msg>
<status status="PASS" starttime="20250816 01:35:58.404" endtime="20250816 01:35:58.405"/>
</kw>
<kw name="Set Variable" library="BuiltIn">
<var>${LOG_FILE}</var>
<arg>${log_dir}/${file_prefix}_${date}.log</arg>
<doc>Returns the given values which can then be assigned to a variables.</doc>
<msg timestamp="20250816 01:35:58.405" level="INFO">${LOG_FILE} = logs/log_20250816.log</msg>
<status status="PASS" starttime="20250816 01:35:58.405" endtime="20250816 01:35:58.406"/>
</kw>
<kw name="Set Suite Variable" library="BuiltIn">
<arg>${TEXT_LOG_FILE}</arg>
<arg>${LOG_FILE}</arg>
<doc>Makes a variable available everywhere within the scope of the current suite.</doc>
<msg timestamp="20250816 01:35:58.406" level="INFO">${TEXT_LOG_FILE} = logs/log_20250816.log</msg>
<status status="PASS" starttime="20250816 01:35:58.406" endtime="20250816 01:35:58.406"/>
</kw>
<kw name="Get Current Date" library="DateTime">
<var>${now}</var>
<arg>result_format=${LOG_TIME_FMT}</arg>
<doc>Returns current local or UTC time with an optional increment.</doc>
<msg timestamp="20250816 01:35:58.408" level="INFO">${now} = 2025-08-16 01:35:58</msg>
<status status="PASS" starttime="20250816 01:35:58.407" endtime="20250816 01:35:58.408"/>
</kw>
<kw name="Append To File" library="OperatingSystem">
<arg>${TEXT_LOG_FILE}</arg>
<arg>===== Run started ${now} =====\n</arg>
<doc>Appends the given content to the specified file.</doc>
<msg timestamp="20250816 01:35:58.409" level="INFO" html="true">Appended to file '&lt;a href="file://C:\Users\Fatih.arslancan.HAUD\OneDrive - HAUD Systems Ltd\Documents\Automation\fatih_arslancan_case\logs\log_20250816.log"&gt;C:\Users\Fatih.arslancan.HAUD\OneDrive - HAUD Systems Ltd\Documents\Automation\fatih_arslancan_case\logs\log_20250816.log&lt;/a&gt;'.</msg>
<status status="PASS" starttime="20250816 01:35:58.408" endtime="20250816 01:35:58.409"/>
</kw>
<status status="PASS" starttime="20250816 01:35:58.403" endtime="20250816 01:35:58.409"/>
</kw>
<kw name="Log Info" library="TextLogger">
<arg>Suite setup Done</arg>
<kw name="Log At Level" library="TextLogger">
<arg>INFO</arg>
<arg>${message}</arg>
<kw name="Get Current Date" library="DateTime">
<var>${now}</var>
<arg>result_format=${LOG_TIME_FMT}</arg>
<doc>Returns current local or UTC time with an optional increment.</doc>
<msg timestamp="20250816 01:35:58.410" level="INFO">${now} = 2025-08-16 01:35:58</msg>
<status status="PASS" starttime="20250816 01:35:58.410" endtime="20250816 01:35:58.410"/>
</kw>
<kw name="Set Variable" library="BuiltIn">
<var>${icon}</var>
<arg>${EMPTY}</arg>
<doc>Returns the given values which can then be assigned to a variables.</doc>
<msg timestamp="20250816 01:35:58.411" level="INFO">${icon} = </msg>
<status status="PASS" starttime="20250816 01:35:58.410" endtime="20250816 01:35:58.411"/>
</kw>
<if>
<branch type="IF" condition="'${level}'=='INFO'">
<kw name="Set Variable" library="BuiltIn">
<var>${icon}</var>
<arg>✅</arg>
<doc>Returns the given values which can then be assigned to a variables.</doc>
<msg timestamp="20250816 01:35:58.411" level="INFO">${icon} = ✅</msg>
<status status="PASS" starttime="20250816 01:35:58.411" endtime="20250816 01:35:58.411"/>
</kw>
<status status="PASS" starttime="20250816 01:35:58.411" endtime="20250816 01:35:58.412"/>
</branch>
<branch type="ELSE IF" condition="'${level}'=='WARN'">
<kw name="Set Variable" library="BuiltIn">
<var>${icon}</var>
<arg>⚠️</arg>
<doc>Returns the given values which can then be assigned to a variables.</doc>
<status status="NOT RUN" starttime="20250816 01:35:58.412" endtime="20250816 01:35:58.412"/>
</kw>
<status status="NOT RUN" starttime="20250816 01:35:58.412" endtime="20250816 01:35:58.412"/>
</branch>
<branch type="ELSE IF" condition="'${level}'=='ERROR'">
<kw name="Set Variable" library="BuiltIn">
<var>${icon}</var>
<arg>❌</arg>
<doc>Returns the given values which can then be assigned to a variables.</doc>
<status status="NOT RUN" starttime="20250816 01:35:58.412" endtime="20250816 01:35:58.412"/>
</kw>
<status status="NOT RUN" starttime="20250816 01:35:58.412" endtime="20250816 01:35:58.412"/>
</branch>
<branch type="ELSE IF" condition="'${level}'=='DEBUG'">
<kw name="Set Variable" library="BuiltIn">
<var>${icon}</var>
<arg>🔄</arg>
<doc>Returns the given values which can then be assigned to a variables.</doc>
<status status="NOT RUN" starttime="20250816 01:35:58.412" endtime="20250816 01:35:58.413"/>
</kw>
<status status="NOT RUN" starttime="20250816 01:35:58.412" endtime="20250816 01:35:58.413"/>
</branch>
<status status="PASS" starttime="20250816 01:35:58.411" endtime="20250816 01:35:58.413"/>
</if>
<kw name="Set Variable" library="BuiltIn">
<var>${line}</var>
<arg>${now} [${level}] ${icon} ${message}\n</arg>
<doc>Returns the given values which can then be assigned to a variables.</doc>
<msg timestamp="20250816 01:35:58.413" level="INFO">${line} = 2025-08-16 01:35:58 [INFO] ✅ Suite setup Done
</msg>
<status status="PASS" starttime="20250816 01:35:58.413" endtime="20250816 01:35:58.413"/>
</kw>
<kw name="Append To File" library="OperatingSystem">
<arg>${TEXT_LOG_FILE}</arg>
<arg>${line}</arg>
<doc>Appends the given content to the specified file.</doc>
<msg timestamp="20250816 01:35:58.415" level="INFO" html="true">Appended to file '&lt;a href="file://C:\Users\Fatih.arslancan.HAUD\OneDrive - HAUD Systems Ltd\Documents\Automation\fatih_arslancan_case\logs\log_20250816.log"&gt;C:\Users\Fatih.arslancan.HAUD\OneDrive - HAUD Systems Ltd\Documents\Automation\fatih_arslancan_case\logs\log_20250816.log&lt;/a&gt;'.</msg>
<status status="PASS" starttime="20250816 01:35:58.414" endtime="20250816 01:35:58.415"/>
</kw>
<kw name="Log" library="BuiltIn">
<arg>${icon} ${message}</arg>
<arg>${level}</arg>
<doc>Logs the given message with the given level.</doc>
<msg timestamp="20250816 01:35:58.416" level="INFO">✅ Suite setup Done</msg>
<status status="PASS" starttime="20250816 01:35:58.415" endtime="20250816 01:35:58.416"/>
</kw>
<status status="PASS" starttime="20250816 01:35:58.410" endtime="20250816 01:35:58.416"/>
</kw>
<status status="PASS" starttime="20250816 01:35:58.410" endtime="20250816 01:35:58.416"/>
</kw>
<status status="PASS" starttime="20250816 01:35:58.385" endtime="20250816 01:35:58.416"/>
</kw>
<test id="s1-t1" name="TC-FE01: Insider Careers - Search QA Jobs" line="40">
<kw name="Run Keywords" library="BuiltIn" type="SETUP">
<arg>Init Text Logger</arg>
<arg>AND</arg>
<arg>Log Info</arg>
<arg>Test setup started</arg>
<arg>AND</arg>
<arg>Open Insider UI</arg>
<doc>Executes all the given keywords in a sequence.</doc>
<kw name="Init Text Logger" library="TextLogger">
<kw name="Get Current Date" library="DateTime">
<var>${date}</var>
<arg>result_format=${LOG_DATE_FMT}</arg>
<doc>Returns current local or UTC time with an optional increment.</doc>
<msg timestamp="20250816 01:35:58.417" level="INFO">${date} = 20250816</msg>
<status status="PASS" starttime="20250816 01:35:58.417" endtime="20250816 01:35:58.418"/>
</kw>
<kw name="Create Directory" library="OperatingSystem">
<arg>${log_dir}</arg>
<doc>Creates the specified directory.</doc>
<msg timestamp="20250816 01:35:58.418" level="INFO" html="true">Directory '&lt;a href="file://C:\Users\Fatih.arslancan.HAUD\OneDrive - HAUD Systems Ltd\Documents\Automation\fatih_arslancan_case\logs"&gt;C:\Users\Fatih.arslancan.HAUD\OneDrive - HAUD Systems Ltd\Documents\Automation\fatih_arslancan_case\logs&lt;/a&gt;' already exists.</msg>
<status status="PASS" starttime="20250816 01:35:58.418" endtime="20250816 01:35:58.418"/>
</kw>
<kw name="Set Variable" library="BuiltIn">
<var>${LOG_FILE}</var>
<arg>${log_dir}/${file_prefix}_${date}.log</arg>
<doc>Returns the given values which can then be assigned to a variables.</doc>
<msg timestamp="20250816 01:35:58.418" level="INFO">${LOG_FILE} = logs/log_20250816.log</msg>
<status status="PASS" starttime="20250816 01:35:58.418" endtime="20250816 01:35:58.419"/>
</kw>
<kw name="Set Suite Variable" library="BuiltIn">
<arg>${TEXT_LOG_FILE}</arg>
<arg>${LOG_FILE}</arg>
<doc>Makes a variable available everywhere within the scope of the current suite.</doc>
<msg timestamp="20250816 01:35:58.419" level="INFO">${TEXT_LOG_FILE} = logs/log_20250816.log</msg>
<status status="PASS" starttime="20250816 01:35:58.419" endtime="20250816 01:35:58.419"/>
</kw>
<kw name="Get Current Date" library="DateTime">
<var>${now}</var>
<arg>result_format=${LOG_TIME_FMT}</arg>
<doc>Returns current local or UTC time with an optional increment.</doc>
<msg timestamp="20250816 01:35:58.419" level="INFO">${now} = 2025-08-16 01:35:58</msg>
<status status="PASS" starttime="20250816 01:35:58.419" endtime="20250816 01:35:58.419"/>
</kw>
<kw name="Append To File" library="OperatingSystem">
<arg>${TEXT_LOG_FILE}</arg>
<arg>===== Run started ${now} =====\n</arg>
<doc>Appends the given content to the specified file.</doc>
<msg timestamp="20250816 01:35:58.420" level="INFO" html="true">Appended to file '&lt;a href="file://C:\Users\Fatih.arslancan.HAUD\OneDrive - HAUD Systems Ltd\Documents\Automation\fatih_arslancan_case\logs\log_20250816.log"&gt;C:\Users\Fatih.arslancan.HAUD\OneDrive - HAUD Systems Ltd\Documents\Automation\fatih_arslancan_case\logs\log_20250816.log&lt;/a&gt;'.</msg>
<status status="PASS" starttime="20250816 01:35:58.419" endtime="20250816 01:35:58.420"/>
</kw>
<status status="PASS" starttime="20250816 01:35:58.417" endtime="20250816 01:35:58.420"/>
</kw>
<kw name="Log Info" library="TextLogger">
<arg>Test setup started</arg>
<kw name="Log At Level" library="TextLogger">
<arg>INFO</arg>
<arg>${message}</arg>
<kw name="Get Current Date" library="DateTime">
<var>${now}</var>
<arg>result_format=${LOG_TIME_FMT}</arg>
<doc>Returns current local or UTC time with an optional increment.</doc>
<msg timestamp="20250816 01:35:58.421" level="INFO">${now} = 2025-08-16 01:35:58</msg>
<status status="PASS" starttime="20250816 01:35:58.421" endtime="20250816 01:35:58.421"/>
</kw>
<kw name="Set Variable" library="BuiltIn">
<var>${icon}</var>
<arg>${EMPTY}</arg>
<doc>Returns the given values which can then be assigned to a variables.</doc>
<msg timestamp="20250816 01:35:58.422" level="INFO">${icon} = </msg>
<status status="PASS" starttime="20250816 01:35:58.421" endtime="20250816 01:35:58.422"/>
</kw>
<if>
<branch type="IF" condition="'${level}'=='INFO'">
<kw name="Set Variable" library="BuiltIn">
<var>${icon}</var>
<arg>✅</arg>
<doc>Returns the given values which can then be assigned to a variables.</doc>
<msg timestamp="20250816 01:35:58.422" level="INFO">${icon} = ✅</msg>
<status status="PASS" starttime="20250816 01:35:58.422" endtime="20250816 01:35:58.422"/>
</kw>
<status status="PASS" starttime="20250816 01:35:58.422" endtime="20250816 01:35:58.422"/>
</branch>
<branch type="ELSE IF" condition="'${level}'=='WARN'">
<kw name="Set Variable" library="BuiltIn">
<var>${icon}</var>
<arg>⚠️</arg>
<doc>Returns the given values which can then be assigned to a variables.</doc>
<status status="NOT RUN" starttime="20250816 01:35:58.423" endtime="20250816 01:35:58.423"/>
</kw>
<status status="NOT RUN" starttime="20250816 01:35:58.422" endtime="20250816 01:35:58.423"/>
</branch>
<branch type="ELSE IF" condition="'${level}'=='ERROR'">
<kw name="Set Variable" library="BuiltIn">
<var>${icon}</var>
<arg>❌</arg>
<doc>Returns the given values which can then be assigned to a variables.</doc>
<status status="NOT RUN" starttime="20250816 01:35:58.423" endtime="20250816 01:35:58.423"/>
</kw>
<status status="NOT RUN" starttime="20250816 01:35:58.423" endtime="20250816 01:35:58.423"/>
</branch>
<branch type="ELSE IF" condition="'${level}'=='DEBUG'">
<kw name="Set Variable" library="BuiltIn">
<var>${icon}</var>
<arg>🔄</arg>
<doc>Returns the given values which can then be assigned to a variables.</doc>
<status status="NOT RUN" starttime="20250816 01:35:58.423" endtime="20250816 01:35:58.423"/>
</kw>
<status status="NOT RUN" starttime="20250816 01:35:58.423" endtime="20250816 01:35:58.423"/>
</branch>
<status status="PASS" starttime="20250816 01:35:58.422" endtime="20250816 01:35:58.423"/>
</if>
<kw name="Set Variable" library="BuiltIn">
<var>${line}</var>
<arg>${now} [${level}] ${icon} ${message}\n</arg>
<doc>Returns the given values which can then be assigned to a variables.</doc>
<msg timestamp="20250816 01:35:58.424" level="INFO">${line} = 2025-08-16 01:35:58 [INFO] ✅ Test setup started
</msg>
<status status="PASS" starttime="20250816 01:35:58.423" endtime="20250816 01:35:58.424"/>
</kw>
<kw name="Append To File" library="OperatingSystem">
<arg>${TEXT_LOG_FILE}</arg>
<arg>${line}</arg>
<doc>Appends the given content to the specified file.</doc>
<msg timestamp="20250816 01:35:58.424" level="INFO" html="true">Appended to file '&lt;a href="file://C:\Users\Fatih.arslancan.HAUD\OneDrive - HAUD Systems Ltd\Documents\Automation\fatih_arslancan_case\logs\log_20250816.log"&gt;C:\Users\Fatih.arslancan.HAUD\OneDrive - HAUD Systems Ltd\Documents\Automation\fatih_arslancan_case\logs\log_20250816.log&lt;/a&gt;'.</msg>
<status status="PASS" starttime="20250816 01:35:58.424" endtime="20250816 01:35:58.424"/>
</kw>
<kw name="Log" library="BuiltIn">
<arg>${icon} ${message}</arg>
<arg>${level}</arg>
<doc>Logs the given message with the given level.</doc>
<msg timestamp="20250816 01:35:58.425" level="INFO">✅ Test setup started</msg>
<status status="PASS" starttime="20250816 01:35:58.425" endtime="20250816 01:35:58.425"/>
</kw>
<status status="PASS" starttime="20250816 01:35:58.420" endtime="20250816 01:35:58.425"/>
</kw>
<status status="PASS" starttime="20250816 01:35:58.420" endtime="20250816 01:35:58.425"/>
</kw>
<kw name="Open Insider UI" library="Keyword_FE_Base">
<doc>Keyword to Open Insider UI in maximized size browser window.</doc>
<kw name="Open Local Browser" library="Keyword_Driver">
<arg>url=${url}</arg>
<doc>Common Keyword to Initiate Local Browser</doc>
<kw name="Get Browser Options" library="Keyword_Driver">
<var>${options}</var>
<arg>browser=${local_browser}</arg>
<doc>Keyword to set browser options</doc>
<if>
<branch type="IF" condition="&quot;${browser}&quot; == &quot;Edge&quot;">
<kw name="Evaluate" library="BuiltIn">
<var>${options}</var>
<arg>sys.modules['selenium.webdriver'].EdgeOptions()</arg>
<arg>sys, selenium.webdriver</arg>
<doc>Evaluates the given expression in Python and returns the result.</doc>
<status status="NOT RUN" starttime="20250816 01:35:58.426" endtime="20250816 01:35:58.426"/>
</kw>
<status status="NOT RUN" starttime="20250816 01:35:58.426" endtime="20250816 01:35:58.426"/>
</branch>
<branch type="ELSE">
<kw name="Evaluate" library="BuiltIn">
<var>${options}</var>
<arg>sys.modules['selenium.webdriver'].ChromeOptions()</arg>
<arg>sys, selenium.webdriver</arg>
<doc>Evaluates the given expression in Python and returns the result.</doc>
<msg timestamp="20250816 01:35:58.427" level="INFO">${options} = &lt;selenium.webdriver.chrome.options.Options object at 0x000002277FCB90D0&gt;</msg>
<status status="PASS" starttime="20250816 01:35:58.426" endtime="20250816 01:35:58.427"/>
</kw>
<status status="PASS" starttime="20250816 01:35:58.426" endtime="20250816 01:35:58.427"/>
</branch>
<status status="PASS" starttime="20250816 01:35:58.426" endtime="20250816 01:35:58.427"/>
</if>
<kw name="Create Dictionary" library="BuiltIn">
<var>${prefs}</var>
<arg>download.directory_upgrade=${True}</arg>
<arg>download.prompt_for_download=${False}</arg>
<arg>plugins.always_open_pdf_externally=${True}</arg>
<arg>safebrowsing.enabled=${False}</arg>
<doc>Creates and returns a dictionary based on the given ``items``.</doc>
<msg timestamp="20250816 01:35:58.428" level="INFO">${prefs} = {'download.directory_upgrade': True, 'download.prompt_for_download': False, 'plugins.always_open_pdf_externally': True, 'safebrowsing.enabled': False}</msg>
<status status="PASS" starttime="20250816 01:35:58.427" endtime="20250816 01:35:58.428"/>
</kw>
<kw name="Call Method" library="BuiltIn">
<arg>${options}</arg>
<arg>add_experimental_option</arg>
<arg>prefs</arg>
<arg>${prefs}</arg>
<doc>Calls the named method of the given object with the provided arguments.</doc>
<status status="PASS" starttime="20250816 01:35:58.428" endtime="20250816 01:35:58.428"/>
</kw>
<kw name="Call Method" library="BuiltIn">
<arg>${options}</arg>
<arg>set_capability</arg>
<arg>acceptInsecureCerts</arg>
<arg>${TRUE}</arg>
<doc>Calls the named method of the given object with the provided arguments.</doc>
<status status="PASS" starttime="20250816 01:35:58.428" endtime="20250816 01:35:58.429"/>
</kw>
<return>
<value>${options}</value>
<status status="PASS" starttime="20250816 01:35:58.429" endtime="20250816 01:35:58.429"/>
</return>
<msg timestamp="20250816 01:35:58.429" level="INFO">${options} = &lt;selenium.webdriver.chrome.options.Options object at 0x000002277FCB90D0&gt;</msg>
<status status="PASS" starttime="20250816 01:35:58.426" endtime="20250816 01:35:58.429"/>
</kw>
<kw name="Get Driver Path" library="utility">
<var>${driver_path}</var>
<arg>browser_name=${local_browser}</arg>
<msg timestamp="20250816 01:35:58.430" level="INFO">====== WebDriver manager ======</msg>
<msg timestamp="20250816 01:35:59.325" level="INFO">Get LATEST chromedriver version for google-chrome</msg>
<msg timestamp="20250816 01:35:59.660" level="INFO">Get LATEST chromedriver version for google-chrome</msg>
<msg timestamp="20250816 01:36:00.006" level="INFO">Driver [C:\Users\Fatih.arslancan.HAUD\.wdm\drivers\chromedriver\win64\139.0.7258.68\chromedriver-win32/chromedriver.exe] found in cache</msg>
<msg timestamp="20250816 01:36:00.006" level="INFO">${driver_path} = C:\Users\Fatih.arslancan.HAUD\.wdm\drivers\chromedriver\win64\139.0.7258.68\chromedriver-win32/chromedriver.exe</msg>
<status status="PASS" starttime="20250816 01:35:58.429" endtime="20250816 01:36:00.006"/>
</kw>
<kw name="Open Browser" library="RPA.Browser.Selenium">
<arg>url=${url}</arg>
<arg>browser=${local_browser}</arg>
<arg>options=${options}</arg>
<arg>executable_path=${driver_path}</arg>
<doc>Opens a new browser instance to the optional ``url``.</doc>
<msg timestamp="20250816 01:36:00.008" level="INFO">Opening browser 'Chrome' to base url 'https://useinsider.com/'.</msg>
<status status="PASS" starttime="20250816 01:36:00.007" endtime="20250816 01:36:04.154"/>
</kw>
<kw name="Maximize Browser Window" library="RPA.Browser.Selenium">
<doc>Maximizes current browser window.</doc>
<status status="PASS" starttime="20250816 01:36:04.154" endtime="20250816 01:36:04.422"/>
</kw>
<status status="PASS" starttime="20250816 01:35:58.425" endtime="20250816 01:36:04.424"/>
</kw>
<status status="PASS" starttime="20250816 01:35:58.425" endtime="20250816 01:36:04.424"/>
</kw>
<status status="PASS" starttime="20250816 01:35:58.417" endtime="20250816 01:36:04.424"/>
</kw>
<kw name="Wait Until Page Contains Element" library="RPA.Browser.Selenium">
<arg>${BTN_HOME_NAVBAR}</arg>
<doc>Waits until the element ``locator`` appears on the current page.</doc>
<status status="PASS" starttime="20250816 01:36:04.426" endtime="20250816 01:36:04.613"/>
</kw>
<kw name="Click Until Popup Element Visible" library="Keyword_FE_Base">
<arg>xpath=${BTN_COMPANY_NAVBAR}</arg>
<arg>xpath=${COMPANY_POPUP}</arg>
<doc>Repeatedly click over `hover_locator` until `target_locator` becomes visible.</doc>
<kw name="Wait Until Keyword Succeeds" library="BuiltIn">
<arg>${timeout}</arg>
<arg>${interval}</arg>
<arg>Run Keywords</arg>
<arg>Wait And Click Element</arg>
<arg>${hover_locator}</arg>
<arg>AND</arg>
<arg>Element Should Be Visible</arg>
<arg>${target_locator}</arg>
<doc>Runs the specified keyword and retries if it fails.</doc>
<kw name="Run Keywords" library="BuiltIn">
<arg>Wait And Click Element</arg>
<arg>${hover_locator}</arg>
<arg>AND</arg>
<arg>Element Should Be Visible</arg>
<arg>${target_locator}</arg>
<doc>Executes all the given keywords in a sequence.</doc>
<kw name="Wait And Click Element" library="Keyword_FE_Base">
<arg>${hover_locator}</arg>
<doc>Keyword to wait for element to be visible before clicking the element</doc>
<kw name="Wait Until Page Contains Element" library="RPA.Browser.Selenium">
<arg>${locator}</arg>
<arg>${Element_Timeout}</arg>
<doc>Waits until the element ``locator`` appears on the current page.</doc>
<status status="PASS" starttime="20250816 01:36:04.617" endtime="20250816 01:36:04.629"/>
</kw>
<kw name="Wait Until Scroll Element Into View Succeeds" library="Keyword_FE_Base">
<arg>${locator}</arg>
<doc>Keyword to wait until scroll element into view succeeds</doc>
<kw name="Wait Until Keyword Succeeds" library="BuiltIn">
<arg>${retry}</arg>
<arg>${retry_interval}</arg>
<arg>Scroll Element Into View</arg>
<arg>${locator}</arg>
<doc>Runs the specified keyword and retries if it fails.</doc>
<kw name="Scroll Element Into View" library="RPA.Browser.Selenium">
<arg>${locator}</arg>
<doc>Scrolls the element identified by ``locator`` into view.</doc>
<status status="PASS" starttime="20250816 01:36:04.630" endtime="20250816 01:36:04.963"/>
</kw>
<status status="PASS" starttime="20250816 01:36:04.630" endtime="20250816 01:36:04.964"/>
</kw>
<status status="PASS" starttime="20250816 01:36:04.629" endtime="20250816 01:36:04.964"/>
</kw>
<kw name="Wait Until Element Is Visible" library="RPA.Browser.Selenium">
<arg>${locator}</arg>
<arg>${Element_Timeout}</arg>
<doc>Waits until the element ``locator`` is visible.</doc>
<status status="PASS" starttime="20250816 01:36:04.964" endtime="20250816 01:36:05.021"/>
</kw>
<kw name="Wait Until Element Is Enabled" library="RPA.Browser.Selenium">
<arg>${locator}</arg>
<arg>${Element_Timeout}</arg>
<doc>Waits until the element ``locator`` is enabled.</doc>
<status status="PASS" starttime="20250816 01:36:05.021" endtime="20250816 01:36:05.036"/>
</kw>
<kw name="Wait Until Click Element Succeeds" library="Keyword_FE_Base">
<arg>${locator}</arg>
<arg>${press_key}</arg>
<doc>Keyword to wait until click element succeeds</doc>
<kw name="Wait Until Keyword Succeeds" library="BuiltIn">
<arg>${retry}</arg>
<arg>${retry_interval}</arg>
<arg>Click Element Center &amp; Edges</arg>
<arg>${locator}</arg>
<arg>${press_key}</arg>
<doc>Runs the specified keyword and retries if it fails.</doc>
<kw name="Click Element Center &amp; Edges" library="Keyword_FE_Base">
<arg>${locator}</arg>
<arg>${press_key}</arg>
<doc>Keyword to click center, left, and right edges of element</doc>
<kw name="Wait Until Page Contains Element" library="RPA.Browser.Selenium">
<arg>${locator}</arg>
<doc>Waits until the element ``locator`` appears on the current page.</doc>
<status status="PASS" starttime="20250816 01:36:05.036" endtime="20250816 01:36:05.051"/>
</kw>
<kw name="Run Keyword And Return Status" library="BuiltIn">
<var>${status}</var>
<arg>Click Element</arg>
<arg>${locator}</arg>
<arg>${press_key}</arg>
<doc>Runs the given keyword with given arguments and returns the status as a Boolean value.</doc>
<kw name="Click Element" library="RPA.Browser.Selenium">
<arg>${locator}</arg>
<arg>${press_key}</arg>
<doc>Click the element identified by ``locator``.</doc>
<msg timestamp="20250816 01:36:05.052" level="INFO">Clicking element 'xpath=//a[contains(@class,'dropdown-toggle') and contains(normalize-space(),'Company')]'.</msg>
<status status="PASS" starttime="20250816 01:36:05.052" endtime="20250816 01:36:05.119"/>
</kw>
<msg timestamp="20250816 01:36:05.119" level="INFO">${status} = True</msg>
<status status="PASS" starttime="20250816 01:36:05.051" endtime="20250816 01:36:05.120"/>
</kw>
<if>
<branch type="IF" condition="not ${status}">
<kw name="Get Element Size" library="RPA.Browser.Selenium">
<var>${width}</var>
<var>${height}</var>
<arg>${locator}</arg>
<doc>Returns width and height of the element identified by ``locator``.</doc>
<status status="NOT RUN" starttime="20250816 01:36:05.120" endtime="20250816 01:36:05.120"/>
</kw>
<kw name="Evaluate" library="BuiltIn">
<var>${right_offset}</var>
<arg>math.floor(${width}/2)</arg>
<doc>Evaluates the given expression in Python and returns the result.</doc>
<status status="NOT RUN" starttime="20250816 01:36:05.120" endtime="20250816 01:36:05.120"/>
</kw>
<kw name="Evaluate" library="BuiltIn">
<var>${left_offset}</var>
<arg>-${right_offset}</arg>
<doc>Evaluates the given expression in Python and returns the result.</doc>
<status status="NOT RUN" starttime="20250816 01:36:05.120" endtime="20250816 01:36:05.121"/>
</kw>
<kw name="Run Keyword And Return Status" library="BuiltIn">
<var>${status}</var>
<arg>Click Element At Coordinates</arg>
<arg>${locator}</arg>
<arg>${left_offset}</arg>
<arg>0</arg>
<doc>Runs the given keyword with given arguments and returns the status as a Boolean value.</doc>
<status status="NOT RUN" starttime="20250816 01:36:05.121" endtime="20250816 01:36:05.121"/>
</kw>
<if>
<branch type="IF" condition="not ${status}">
<kw name="Click Element At Coordinates" library="RPA.Browser.Selenium">
<arg>${locator}</arg>
<arg>${right_offset}</arg>
<arg>0</arg>
<doc>Click the element ``locator`` at ``xoffset/yoffset``.</doc>
<status status="NOT RUN" starttime="20250816 01:36:05.121" endtime="20250816 01:36:05.121"/>
</kw>
<status status="NOT RUN" starttime="20250816 01:36:05.121" endtime="20250816 01:36:05.121"/>
</branch>
<status status="NOT RUN" starttime="20250816 01:36:05.121" endtime="20250816 01:36:05.121"/>
</if>
<status status="NOT RUN" starttime="20250816 01:36:05.120" endtime="20250816 01:36:05.121"/>
</branch>
<status status="PASS" starttime="20250816 01:36:05.120" endtime="20250816 01:36:05.122"/>
</if>
<status status="PASS" starttime="20250816 01:36:05.036" endtime="20250816 01:36:05.122"/>
</kw>
<status status="PASS" starttime="20250816 01:36:05.036" endtime="20250816 01:36:05.122"/>
</kw>
<status status="PASS" starttime="20250816 01:36:05.036" endtime="20250816 01:36:05.122"/>
</kw>
<status status="PASS" starttime="20250816 01:36:04.616" endtime="20250816 01:36:05.122"/>
</kw>
<kw name="Element Should Be Visible" library="RPA.Browser.Selenium">
<arg>${target_locator}</arg>
<doc>Verifies that the element identified by ``locator`` is visible.</doc>
<msg timestamp="20250816 01:36:05.138" level="INFO">Element 'xpath=//li[@class='nav-item dropdown show']/a/following-sibling::div[@aria-labelledby='navbarDropdownMenuLink']' is displayed.</msg>
<status status="PASS" starttime="20250816 01:36:05.122" endtime="20250816 01:36:05.138"/>
</kw>
<status status="PASS" starttime="20250816 01:36:04.616" endtime="20250816 01:36:05.138"/>
</kw>
<status status="PASS" starttime="20250816 01:36:04.615" endtime="20250816 01:36:05.138"/>
</kw>
<status status="PASS" starttime="20250816 01:36:04.614" endtime="20250816 01:36:05.138"/>
</kw>
<kw name="Wait And Click Element" library="Keyword_FE_Base">
<arg>${BTN_CAREERS_COMPANY_POPUP}</arg>
<doc>Keyword to wait for element to be visible before clicking the element</doc>
<kw name="Wait Until Page Contains Element" library="RPA.Browser.Selenium">
<arg>${locator}</arg>
<arg>${Element_Timeout}</arg>
<doc>Waits until the element ``locator`` appears on the current page.</doc>
<status status="PASS" starttime="20250816 01:36:05.140" endtime="20250816 01:36:05.150"/>
</kw>
<kw name="Wait Until Scroll Element Into View Succeeds" library="Keyword_FE_Base">
<arg>${locator}</arg>
<doc>Keyword to wait until scroll element into view succeeds</doc>
<kw name="Wait Until Keyword Succeeds" library="BuiltIn">
<arg>${retry}</arg>
<arg>${retry_interval}</arg>
<arg>Scroll Element Into View</arg>
<arg>${locator}</arg>
<doc>Runs the specified keyword and retries if it fails.</doc>
<kw name="Scroll Element Into View" library="RPA.Browser.Selenium">
<arg>${locator}</arg>
<doc>Scrolls the element identified by ``locator`` into view.</doc>
<status status="PASS" starttime="20250816 01:36:05.152" endtime="20250816 01:36:06.089"/>
</kw>
<status status="PASS" starttime="20250816 01:36:05.151" endtime="20250816 01:36:06.089"/>
</kw>
<status status="PASS" starttime="20250816 01:36:05.151" endtime="20250816 01:36:06.089"/>
</kw>
<kw name="Wait Until Element Is Visible" library="RPA.Browser.Selenium">
<arg>${locator}</arg>
<arg>${Element_Timeout}</arg>
<doc>Waits until the element ``locator`` is visible.</doc>
<status status="PASS" starttime="20250816 01:36:06.090" endtime="20250816 01:36:06.124"/>
</kw>
<kw name="Wait Until Element Is Enabled" library="RPA.Browser.Selenium">
<arg>${locator}</arg>
<arg>${Element_Timeout}</arg>
<doc>Waits until the element ``locator`` is enabled.</doc>
<status status="PASS" starttime="20250816 01:36:06.125" endtime="20250816 01:36:06.163"/>
</kw>
<kw name="Wait Until Click Element Succeeds" library="Keyword_FE_Base">
<arg>${locator}</arg>
<arg>${press_key}</arg>
<doc>Keyword to wait until click element succeeds</doc>
<kw name="Wait Until Keyword Succeeds" library="BuiltIn">
<arg>${retry}</arg>
<arg>${retry_interval}</arg>
<arg>Click Element Center &amp; Edges</arg>
<arg>${locator}</arg>
<arg>${press_key}</arg>
<doc>Runs the specified keyword and retries if it fails.</doc>
<kw name="Click Element Center &amp; Edges" library="Keyword_FE_Base">
<arg>${locator}</arg>
<arg>${press_key}</arg>
<doc>Keyword to click center, left, and right edges of element</doc>
<kw name="Wait Until Page Contains Element" library="RPA.Browser.Selenium">
<arg>${locator}</arg>
<doc>Waits until the element ``locator`` appears on the current page.</doc>
<status status="PASS" starttime="20250816 01:36:06.168" endtime="20250816 01:36:06.179"/>
</kw>
<kw name="Run Keyword And Return Status" library="BuiltIn">
<var>${status}</var>
<arg>Click Element</arg>
<arg>${locator}</arg>
<arg>${press_key}</arg>
<doc>Runs the given keyword with given arguments and returns the status as a Boolean value.</doc>
<kw name="Click Element" library="RPA.Browser.Selenium">
<arg>${locator}</arg>
<arg>${press_key}</arg>
<doc>Click the element identified by ``locator``.</doc>
<msg timestamp="20250816 01:36:06.183" level="INFO">Clicking element '//a[contains(@class,'dropdown-sub') and contains(normalize-space(),'Careers')]'.</msg>
<status status="PASS" starttime="20250816 01:36:06.182" endtime="20250816 01:36:08.099"/>
</kw>
<msg timestamp="20250816 01:36:08.100" level="INFO">${status} = True</msg>
<status status="PASS" starttime="20250816 01:36:06.180" endtime="20250816 01:36:08.100"/>
</kw>
<if>
<branch type="IF" condition="not ${status}">
<kw name="Get Element Size" library="RPA.Browser.Selenium">
<var>${width}</var>
<var>${height}</var>
<arg>${locator}</arg>
<doc>Returns width and height of the element identified by ``locator``.</doc>
<status status="NOT RUN" starttime="20250816 01:36:08.101" endtime="20250816 01:36:08.101"/>
</kw>
<kw name="Evaluate" library="BuiltIn">
<var>${right_offset}</var>
<arg>math.floor(${width}/2)</arg>
<doc>Evaluates the given expression in Python and returns the result.</doc>
<status status="NOT RUN" starttime="20250816 01:36:08.101" endtime="20250816 01:36:08.102"/>
</kw>
<kw name="Evaluate" library="BuiltIn">
<var>${left_offset}</var>
<arg>-${right_offset}</arg>
<doc>Evaluates the given expression in Python and returns the result.</doc>
<status status="NOT RUN" starttime="20250816 01:36:08.102" endtime="20250816 01:36:08.102"/>
</kw>
<kw name="Run Keyword And Return Status" library="BuiltIn">
<var>${status}</var>
<arg>Click Element At Coordinates</arg>
<arg>${locator}</arg>
<arg>${left_offset}</arg>
<arg>0</arg>
<doc>Runs the given keyword with given arguments and returns the status as a Boolean value.</doc>
<status status="NOT RUN" starttime="20250816 01:36:08.102" endtime="20250816 01:36:08.103"/>
</kw>
<if>
<branch type="IF" condition="not ${status}">
<kw name="Click Element At Coordinates" library="RPA.Browser.Selenium">
<arg>${locator}</arg>
<arg>${right_offset}</arg>
<arg>0</arg>
<doc>Click the element ``locator`` at ``xoffset/yoffset``.</doc>
<status status="NOT RUN" starttime="20250816 01:36:08.103" endtime="20250816 01:36:08.103"/>
</kw>
<status status="NOT RUN" starttime="20250816 01:36:08.103" endtime="20250816 01:36:08.103"/>
</branch>
<status status="NOT RUN" starttime="20250816 01:36:08.103" endtime="20250816 01:36:08.103"/>
</if>
<status status="NOT RUN" starttime="20250816 01:36:08.101" endtime="20250816 01:36:08.103"/>
</branch>
<status status="PASS" starttime="20250816 01:36:08.100" endtime="20250816 01:36:08.103"/>
</if>
<status status="PASS" starttime="20250816 01:36:06.167" endtime="20250816 01:36:08.103"/>
</kw>
<status status="PASS" starttime="20250816 01:36:06.166" endtime="20250816 01:36:08.103"/>
</kw>
<status status="PASS" starttime="20250816 01:36:06.164" endtime="20250816 01:36:08.103"/>
</kw>
<status status="PASS" starttime="20250816 01:36:05.139" endtime="20250816 01:36:08.104"/>
</kw>
<kw name="Wait Until Page Contains Element" library="RPA.Browser.Selenium">
<arg>${BTN_FIND_JOB}</arg>
<doc>Waits until the element ``locator`` appears on the current page.</doc>
<status status="PASS" starttime="20250816 01:36:08.104" endtime="20250816 01:36:08.119"/>
</kw>
<kw name="Verify Careers Sections Visible" library="Keyword_Career">
<doc>Verifies that Careers page sections are visible</doc>
<kw name="Scroll Element Into View" library="RPA.Browser.Selenium">
<arg>${HDR_LIFE_AT_INSIDER}</arg>
<doc>Scrolls the element identified by ``locator`` into view.</doc>
<status status="PASS" starttime="20250816 01:36:08.121" endtime="20250816 01:36:08.404"/>
</kw>
<kw name="Wait Until Element Is Visible" library="RPA.Browser.Selenium">
<arg>${HDR_LIFE_AT_INSIDER}</arg>
<doc>Waits until the element ``locator`` is visible.</doc>
<status status="PASS" starttime="20250816 01:36:08.404" endtime="20250816 01:36:08.420"/>
</kw>
<kw name="Scroll Element Into View" library="RPA.Browser.Selenium">
<arg>${LOC_LOCATIONS_SLIDER}</arg>
<doc>Scrolls the element identified by ``locator`` into view.</doc>
<status status="PASS" starttime="20250816 01:36:08.420" endtime="20250816 01:36:08.715"/>
</kw>
<kw name="Wait Until Element Is Visible" library="RPA.Browser.Selenium">
<arg>${LOC_LOCATIONS_SLIDES_GLIDE}</arg>
<doc>Waits until the element ``locator`` is visible.</doc>
<status status="PASS" starttime="20250816 01:36:08.716" endtime="20250816 01:36:08.735"/>
</kw>
<kw name="Get Element Count" library="RPA.Browser.Selenium">
<var>${slide_count}</var>
<arg>${LOC_LOCATIONS_SLIDES_GLIDE}</arg>
<doc>Returns the number of elements matching ``locator``.</doc>
<msg timestamp="20250816 01:36:08.742" level="INFO">${slide_count} = 25</msg>
<status status="PASS" starttime="20250816 01:36:08.735" endtime="20250816 01:36:08.742"/>
</kw>
<kw name="Should Be True" library="BuiltIn">
<arg>${slide_count} &gt; 0</arg>
<arg>No slides found in Locations slider</arg>
<doc>Fails if the given condition is not true.</doc>
<status status="PASS" starttime="20250816 01:36:08.743" endtime="20250816 01:36:08.743"/>
</kw>
<kw name="Scroll Element Into View" library="RPA.Browser.Selenium">
<arg>${HDR_TEAMS}</arg>
<doc>Scrolls the element identified by ``locator`` into view.</doc>
<status status="PASS" starttime="20250816 01:36:08.743" endtime="20250816 01:36:09.031"/>
</kw>
<kw name="Wait Until Element Is Visible" library="RPA.Browser.Selenium">
<arg>${HDR_TEAMS}</arg>
<doc>Waits until the element ``locator`` is visible.</doc>
<status status="PASS" starttime="20250816 01:36:09.031" endtime="20250816 01:36:09.049"/>
</kw>
<kw name="Page Should Contain Element" library="RPA.Browser.Selenium">
<arg>${BTN_SEE_ALL_TEAMS}</arg>
<doc>Verifies that element ``locator`` is found on the current page.</doc>
<msg timestamp="20250816 01:36:09.058" level="INFO">Current page contains element '//a[contains(@class,'loadmore') and contains(normalize-space(),'See all teams')]'.</msg>
<status status="PASS" starttime="20250816 01:36:09.049" endtime="20250816 01:36:09.058"/>
</kw>
<status status="PASS" starttime="20250816 01:36:08.120" endtime="20250816 01:36:09.058"/>
</kw>
<kw name="Apply Careers Filters And Ensure Jobs Present" library="Keyword_Career">
<arg>location=Istanbul, Turkiye</arg>
<arg>department=Quality Assurance</arg>
<doc>Opens Careers (QA) page, applies Department &amp; Location filters (Select2),
then asserts that the job list is present (count &gt; 0).</doc>
<kw name="Go To" library="RPA.Browser.Selenium">
<arg>${BASE_INSIDER_CAREER_QA_URL}</arg>
<doc>Navigates the current browser window to the provided ``url``.</doc>
<msg timestamp="20250816 01:36:09.059" level="INFO">Opening url 'https://useinsider.com/careers/quality-assurance/'</msg>
<status status="PASS" starttime="20250816 01:36:09.059" endtime="20250816 01:36:09.607"/>
</kw>
<kw name="Wait And Click Element" library="Keyword_FE_Base">
<arg>${BTN_SEE_ALL_QA_JOBS}</arg>
<doc>Keyword to wait for element to be visible before clicking the element</doc>
<kw name="Wait Until Page Contains Element" library="RPA.Browser.Selenium">
<arg>${locator}</arg>
<arg>${Element_Timeout}</arg>
<doc>Waits until the element ``locator`` appears on the current page.</doc>
<status status="PASS" starttime="20250816 01:36:09.608" endtime="20250816 01:36:09.622"/>
</kw>
<kw name="Wait Until Scroll Element Into View Succeeds" library="Keyword_FE_Base">
<arg>${locator}</arg>
<doc>Keyword to wait until scroll element into view succeeds</doc>
<kw name="Wait Until Keyword Succeeds" library="BuiltIn">
<arg>${retry}</arg>
<arg>${retry_interval}</arg>
<arg>Scroll Element Into View</arg>
<arg>${locator}</arg>
<doc>Runs the specified keyword and retries if it fails.</doc>
<kw name="Scroll Element Into View" library="RPA.Browser.Selenium">
<arg>${locator}</arg>
<doc>Scrolls the element identified by ``locator`` into view.</doc>
<status status="PASS" starttime="20250816 01:36:09.624" endtime="20250816 01:36:09.910"/>
</kw>
<status status="PASS" starttime="20250816 01:36:09.624" endtime="20250816 01:36:09.910"/>
</kw>
<status status="PASS" starttime="20250816 01:36:09.622" endtime="20250816 01:36:09.910"/>
</kw>
<kw name="Wait Until Element Is Visible" library="RPA.Browser.Selenium">
<arg>${locator}</arg>
<arg>${Element_Timeout}</arg>
<doc>Waits until the element ``locator`` is visible.</doc>
<status status="PASS" starttime="20250816 01:36:09.910" endtime="20250816 01:36:09.925"/>
</kw>
<kw name="Wait Until Element Is Enabled" library="RPA.Browser.Selenium">
<arg>${locator}</arg>
<arg>${Element_Timeout}</arg>
<doc>Waits until the element ``locator`` is enabled.</doc>
<status status="PASS" starttime="20250816 01:36:09.926" endtime="20250816 01:36:09.940"/>
</kw>
<kw name="Wait Until Click Element Succeeds" library="Keyword_FE_Base">
<arg>${locator}</arg>
<arg>${press_key}</arg>
<doc>Keyword to wait until click element succeeds</doc>
<kw name="Wait Until Keyword Succeeds" library="BuiltIn">
<arg>${retry}</arg>
<arg>${retry_interval}</arg>
<arg>Click Element Center &amp; Edges</arg>
<arg>${locator}</arg>
<arg>${press_key}</arg>
<doc>Runs the specified keyword and retries if it fails.</doc>
<kw name="Click Element Center &amp; Edges" library="Keyword_FE_Base">
<arg>${locator}</arg>
<arg>${press_key}</arg>
<doc>Keyword to click center, left, and right edges of element</doc>
<kw name="Wait Until Page Contains Element" library="RPA.Browser.Selenium">
<arg>${locator}</arg>
<doc>Waits until the element ``locator`` appears on the current page.</doc>
<status status="PASS" starttime="20250816 01:36:09.942" endtime="20250816 01:36:09.948"/>
</kw>
<kw name="Run Keyword And Return Status" library="BuiltIn">
<var>${status}</var>
<arg>Click Element</arg>
<arg>${locator}</arg>
<arg>${press_key}</arg>
<doc>Runs the given keyword with given arguments and returns the status as a Boolean value.</doc>
<kw name="Click Element" library="RPA.Browser.Selenium">
<arg>${locator}</arg>
<arg>${press_key}</arg>
<doc>Click the element identified by ``locator``.</doc>
<msg timestamp="20250816 01:36:09.950" level="INFO">Clicking element '//a[normalize-space()='See all QA jobs']'.</msg>
<status status="PASS" starttime="20250816 01:36:09.949" endtime="20250816 01:36:10.745"/>
</kw>
<msg timestamp="20250816 01:36:10.745" level="INFO">${status} = True</msg>
<status status="PASS" starttime="20250816 01:36:09.949" endtime="20250816 01:36:10.745"/>
</kw>
<if>
<branch type="IF" condition="not ${status}">
<kw name="Get Element Size" library="RPA.Browser.Selenium">
<var>${width}</var>
<var>${height}</var>
<arg>${locator}</arg>
<doc>Returns width and height of the element identified by ``locator``.</doc>
<status status="NOT RUN" starttime="20250816 01:36:10.746" endtime="20250816 01:36:10.746"/>
</kw>
<kw name="Evaluate" library="BuiltIn">
<var>${right_offset}</var>
<arg>math.floor(${width}/2)</arg>
<doc>Evaluates the given expression in Python and returns the result.</doc>
<status status="NOT RUN" starttime="20250816 01:36:10.746" endtime="20250816 01:36:10.746"/>
</kw>
<kw name="Evaluate" library="BuiltIn">
<var>${left_offset}</var>
<arg>-${right_offset}</arg>
<doc>Evaluates the given expression in Python and returns the result.</doc>
<status status="NOT RUN" starttime="20250816 01:36:10.746" endtime="20250816 01:36:10.746"/>
</kw>
<kw name="Run Keyword And Return Status" library="BuiltIn">
<var>${status}</var>
<arg>Click Element At Coordinates</arg>
<arg>${locator}</arg>
<arg>${left_offset}</arg>
<arg>0</arg>
<doc>Runs the given keyword with given arguments and returns the status as a Boolean value.</doc>
<status status="NOT RUN" starttime="20250816 01:36:10.746" endtime="20250816 01:36:10.747"/>
</kw>
<if>
<branch type="IF" condition="not ${status}">
<kw name="Click Element At Coordinates" library="RPA.Browser.Selenium">
<arg>${locator}</arg>
<arg>${right_offset}</arg>
<arg>0</arg>
<doc>Click the element ``locator`` at ``xoffset/yoffset``.</doc>
<status status="NOT RUN" starttime="20250816 01:36:10.747" endtime="20250816 01:36:10.747"/>
</kw>
<status status="NOT RUN" starttime="20250816 01:36:10.747" endtime="20250816 01:36:10.748"/>
</branch>
<status status="NOT RUN" starttime="20250816 01:36:10.747" endtime="20250816 01:36:10.748"/>
</if>
<status status="NOT RUN" starttime="20250816 01:36:10.745" endtime="20250816 01:36:10.748"/>
</branch>
<status status="PASS" starttime="20250816 01:36:10.745" endtime="20250816 01:36:10.748"/>
</if>
<status status="PASS" starttime="20250816 01:36:09.941" endtime="20250816 01:36:10.748"/>
</kw>
<status status="PASS" starttime="20250816 01:36:09.941" endtime="20250816 01:36:10.748"/>
</kw>
<status status="PASS" starttime="20250816 01:36:09.941" endtime="20250816 01:36:10.748"/>
</kw>
<status status="PASS" starttime="20250816 01:36:09.607" endtime="20250816 01:36:10.748"/>
</kw>
<kw name="Sleep" library="BuiltIn">
<arg>5s</arg>
<doc>Pauses the test executed for the given time.</doc>
<msg timestamp="20250816 01:36:15.749" level="INFO">Slept 5 seconds</msg>
<status status="PASS" starttime="20250816 01:36:10.748" endtime="20250816 01:36:15.749"/>
</kw>
<kw name="Wait Until Page Contains Element" library="RPA.Browser.Selenium">
<arg>${FILTER_BY_LOCATION}</arg>
<doc>Waits until the element ``locator`` appears on the current page.</doc>
<status status="PASS" starttime="20250816 01:36:15.749" endtime="20250816 01:36:15.777"/>
</kw>
<kw name="Wait Until Page Contains Element" library="RPA.Browser.Selenium">
<arg>${FILTER_BY_DEPARTMENT}</arg>
<doc>Waits until the element ``locator`` appears on the current page.</doc>
<status status="PASS" starttime="20250816 01:36:15.778" endtime="20250816 01:36:15.786"/>
</kw>
<kw name="Wait And Click Element" library="Keyword_FE_Base">
<arg>${CLEAR_DEPARTMENT_FIELD}</arg>
<doc>Keyword to wait for element to be visible before clicking the element</doc>
<kw name="Wait Until Page Contains Element" library="RPA.Browser.Selenium">
<arg>${locator}</arg>
<arg>${Element_Timeout}</arg>
<doc>Waits until the element ``locator`` appears on the current page.</doc>
<status status="PASS" starttime="20250816 01:36:15.786" endtime="20250816 01:36:15.805"/>
</kw>
<kw name="Wait Until Scroll Element Into View Succeeds" library="Keyword_FE_Base">
<arg>${locator}</arg>
<doc>Keyword to wait until scroll element into view succeeds</doc>
<kw name="Wait Until Keyword Succeeds" library="BuiltIn">
<arg>${retry}</arg>
<arg>${retry_interval}</arg>
<arg>Scroll Element Into View</arg>
<arg>${locator}</arg>
<doc>Runs the specified keyword and retries if it fails.</doc>
<kw name="Scroll Element Into View" library="RPA.Browser.Selenium">
<arg>${locator}</arg>
<doc>Scrolls the element identified by ``locator`` into view.</doc>
<status status="PASS" starttime="20250816 01:36:15.807" endtime="20250816 01:36:16.094"/>
</kw>
<status status="PASS" starttime="20250816 01:36:15.806" endtime="20250816 01:36:16.095"/>
</kw>
<status status="PASS" starttime="20250816 01:36:15.805" endtime="20250816 01:36:16.095"/>
</kw>
<kw name="Wait Until Element Is Visible" library="RPA.Browser.Selenium">
<arg>${locator}</arg>
<arg>${Element_Timeout}</arg>
<doc>Waits until the element ``locator`` is visible.</doc>
<status status="PASS" starttime="20250816 01:36:16.095" endtime="20250816 01:36:16.110"/>
</kw>
<kw name="Wait Until Element Is Enabled" library="RPA.Browser.Selenium">
<arg>${locator}</arg>
<arg>${Element_Timeout}</arg>
<doc>Waits until the element ``locator`` is enabled.</doc>
<status status="PASS" starttime="20250816 01:36:16.111" endtime="20250816 01:36:16.133"/>
</kw>
<kw name="Wait Until Click Element Succeeds" library="Keyword_FE_Base">
<arg>${locator}</arg>
<arg>${press_key}</arg>
<doc>Keyword to wait until click element succeeds</doc>
<kw name="Wait Until Keyword Succeeds" library="BuiltIn">
<arg>${retry}</arg>
<arg>${retry_interval}</arg>
<arg>Click Element Center &amp; Edges</arg>
<arg>${locator}</arg>
<arg>${press_key}</arg>
<doc>Runs the specified keyword and retries if it fails.</doc>
<kw name="Click Element Center &amp; Edges" library="Keyword_FE_Base">
<arg>${locator}</arg>
<arg>${press_key}</arg>
<doc>Keyword to click center, left, and right edges of element</doc>
<kw name="Wait Until Page Contains Element" library="RPA.Browser.Selenium">
<arg>${locator}</arg>
<doc>Waits until the element ``locator`` appears on the current page.</doc>
<status status="PASS" starttime="20250816 01:36:16.136" endtime="20250816 01:36:16.143"/>
</kw>
<kw name="Run Keyword And Return Status" library="BuiltIn">
<var>${status}</var>
<arg>Click Element</arg>
<arg>${locator}</arg>
<arg>${press_key}</arg>
<doc>Runs the given keyword with given arguments and returns the status as a Boolean value.</doc>
<kw name="Click Element" library="RPA.Browser.Selenium">
<arg>${locator}</arg>
<arg>${press_key}</arg>
<doc>Click the element identified by ``locator``.</doc>
<msg timestamp="20250816 01:36:16.145" level="INFO">Clicking element '//span[@id='select2-filter-by-department-container']/ancestor::span[contains(@class,'select2-selection')]//span[contains(@class,'select2-selection__clear')]'.</msg>
<status status="PASS" starttime="20250816 01:36:16.143" endtime="20250816 01:36:16.218"/>
</kw>
<msg timestamp="20250816 01:36:16.218" level="INFO">${status} = True</msg>
<status status="PASS" starttime="20250816 01:36:16.143" endtime="20250816 01:36:16.218"/>
</kw>
<if>
<branch type="IF" condition="not ${status}">
<kw name="Get Element Size" library="RPA.Browser.Selenium">
<var>${width}</var>
<var>${height}</var>
<arg>${locator}</arg>
<doc>Returns width and height of the element identified by ``locator``.</doc>
<status status="NOT RUN" starttime="20250816 01:36:16.219" endtime="20250816 01:36:16.219"/>
</kw>
<kw name="Evaluate" library="BuiltIn">
<var>${right_offset}</var>
<arg>math.floor(${width}/2)</arg>
<doc>Evaluates the given expression in Python and returns the result.</doc>
<status status="NOT RUN" starttime="20250816 01:36:16.219" endtime="20250816 01:36:16.219"/>
</kw>
<kw name="Evaluate" library="BuiltIn">
<var>${left_offset}</var>
<arg>-${right_offset}</arg>
<doc>Evaluates the given expression in Python and returns the result.</doc>
<status status="NOT RUN" starttime="20250816 01:36:16.219" endtime="20250816 01:36:16.220"/>
</kw>
<kw name="Run Keyword And Return Status" library="BuiltIn">
<var>${status}</var>
<arg>Click Element At Coordinates</arg>
<arg>${locator}</arg>
<arg>${left_offset}</arg>
<arg>0</arg>
<doc>Runs the given keyword with given arguments and returns the status as a Boolean value.</doc>
<status status="NOT RUN" starttime="20250816 01:36:16.220" endtime="20250816 01:36:16.220"/>
</kw>
<if>
<branch type="IF" condition="not ${status}">
<kw name="Click Element At Coordinates" library="RPA.Browser.Selenium">
<arg>${locator}</arg>
<arg>${right_offset}</arg>
<arg>0</arg>
<doc>Click the element ``locator`` at ``xoffset/yoffset``.</doc>
<status status="NOT RUN" starttime="20250816 01:36:16.220" endtime="20250816 01:36:16.220"/>
</kw>
<status status="NOT RUN" starttime="20250816 01:36:16.220" endtime="20250816 01:36:16.220"/>
</branch>
<status status="NOT RUN" starttime="20250816 01:36:16.220" endtime="20250816 01:36:16.221"/>
</if>
<status status="NOT RUN" starttime="20250816 01:36:16.218" endtime="20250816 01:36:16.221"/>
</branch>
<status status="PASS" starttime="20250816 01:36:16.218" endtime="20250816 01:36:16.221"/>
</if>
<status status="PASS" starttime="20250816 01:36:16.135" endtime="20250816 01:36:16.221"/>
</kw>
<status status="PASS" starttime="20250816 01:36:16.135" endtime="20250816 01:36:16.221"/>
</kw>
<status status="PASS" starttime="20250816 01:36:16.134" endtime="20250816 01:36:16.221"/>
</kw>
<status status="PASS" starttime="20250816 01:36:15.786" endtime="20250816 01:36:16.221"/>
</kw>
<kw name="Wait And Click Element" library="Keyword_FE_Base">
<arg>//li[normalize-space()='${department}']</arg>
<arg>${ELEMENT_TIMEOUT}</arg>
<doc>Keyword to wait for element to be visible before clicking the element</doc>
<kw name="Wait Until Page Contains Element" library="RPA.Browser.Selenium">
<arg>${locator}</arg>
<arg>${Element_Timeout}</arg>
<doc>Waits until the element ``locator`` appears on the current page.</doc>
<status status="PASS" starttime="20250816 01:36:16.221" endtime="20250816 01:36:16.234"/>
</kw>
<kw name="Wait Until Scroll Element Into View Succeeds" library="Keyword_FE_Base">
<arg>${locator}</arg>
<doc>Keyword to wait until scroll element into view succeeds</doc>
<kw name="Wait Until Keyword Succeeds" library="BuiltIn">
<arg>${retry}</arg>
<arg>${retry_interval}</arg>
<arg>Scroll Element Into View</arg>
<arg>${locator}</arg>
<doc>Runs the specified keyword and retries if it fails.</doc>
<kw name="Scroll Element Into View" library="RPA.Browser.Selenium">
<arg>${locator}</arg>
<doc>Scrolls the element identified by ``locator`` into view.</doc>
<status status="PASS" starttime="20250816 01:36:16.235" endtime="20250816 01:36:16.552"/>
</kw>
<status status="PASS" starttime="20250816 01:36:16.235" endtime="20250816 01:36:16.553"/>
</kw>
<status status="PASS" starttime="20250816 01:36:16.234" endtime="20250816 01:36:16.553"/>
</kw>
<kw name="Wait Until Element Is Visible" library="RPA.Browser.Selenium">
<arg>${locator}</arg>
<arg>${Element_Timeout}</arg>
<doc>Waits until the element ``locator`` is visible.</doc>
<status status="PASS" starttime="20250816 01:36:16.553" endtime="20250816 01:36:16.567"/>
</kw>
<kw name="Wait Until Element Is Enabled" library="RPA.Browser.Selenium">
<arg>${locator}</arg>
<arg>${Element_Timeout}</arg>
<doc>Waits until the element ``locator`` is enabled.</doc>
<status status="PASS" starttime="20250816 01:36:16.568" endtime="20250816 01:36:16.583"/>
</kw>
<kw name="Wait Until Click Element Succeeds" library="Keyword_FE_Base">
<arg>${locator}</arg>
<arg>${press_key}</arg>
<doc>Keyword to wait until click element succeeds</doc>
<kw name="Wait Until Keyword Succeeds" library="BuiltIn">
<arg>${retry}</arg>
<arg>${retry_interval}</arg>
<arg>Click Element Center &amp; Edges</arg>
<arg>${locator}</arg>
<arg>${press_key}</arg>
<doc>Runs the specified keyword and retries if it fails.</doc>
<kw name="Click Element Center &amp; Edges" library="Keyword_FE_Base">
<arg>${locator}</arg>
<arg>${press_key}</arg>
<doc>Keyword to click center, left, and right edges of element</doc>
<kw name="Wait Until Page Contains Element" library="RPA.Browser.Selenium">
<arg>${locator}</arg>
<doc>Waits until the element ``locator`` appears on the current page.</doc>
<status status="PASS" starttime="20250816 01:36:16.585" endtime="20250816 01:36:16.590"/>
</kw>
<kw name="Run Keyword And Return Status" library="BuiltIn">
<var>${status}</var>
<arg>Click Element</arg>
<arg>${locator}</arg>
<arg>${press_key}</arg>
<doc>Runs the given keyword with given arguments and returns the status as a Boolean value.</doc>
<kw name="Click Element" library="RPA.Browser.Selenium">
<arg>${locator}</arg>
<arg>${press_key}</arg>
<doc>Click the element identified by ``locator``.</doc>
<msg timestamp="20250816 01:36:16.592" level="INFO">Clicking element '//li[normalize-space()='Quality Assurance']' with 60s.</msg>
<msg timestamp="20250816 01:36:16.592" level="FAIL">ValueError: '60S' modifier does not match to Selenium Keys</msg>
<status status="FAIL" starttime="20250816 01:36:16.591" endtime="20250816 01:36:16.594"/>
</kw>
<msg timestamp="20250816 01:36:16.594" level="INFO">${status} = False</msg>
<status status="PASS" starttime="20250816 01:36:16.591" endtime="20250816 01:36:16.594"/>
</kw>
<if>
<branch type="IF" condition="not ${status}">
<kw name="Get Element Size" library="RPA.Browser.Selenium">
<var>${width}</var>
<var>${height}</var>
<arg>${locator}</arg>
<doc>Returns width and height of the element identified by ``locator``.</doc>
<msg timestamp="20250816 01:36:16.616" level="INFO">${width} = 553</msg>
<msg timestamp="20250816 01:36:16.616" level="INFO">${height} = 39</msg>
<status status="PASS" starttime="20250816 01:36:16.595" endtime="20250816 01:36:16.616"/>
</kw>
<kw name="Evaluate" library="BuiltIn">
<var>${right_offset}</var>
<arg>math.floor(${width}/2)</arg>
<doc>Evaluates the given expression in Python and returns the result.</doc>
<msg timestamp="20250816 01:36:16.617" level="INFO">${right_offset} = 276</msg>
<status status="PASS" starttime="20250816 01:36:16.616" endtime="20250816 01:36:16.617"/>
</kw>
<kw name="Evaluate" library="BuiltIn">
<var>${left_offset}</var>
<arg>-${right_offset}</arg>
<doc>Evaluates the given expression in Python and returns the result.</doc>
<msg timestamp="20250816 01:36:16.617" level="INFO">${left_offset} = -276</msg>
<status status="PASS" starttime="20250816 01:36:16.617" endtime="20250816 01:36:16.617"/>
</kw>
<kw name="Run Keyword And Return Status" library="BuiltIn">
<var>${status}</var>
<arg>Click Element At Coordinates</arg>
<arg>${locator}</arg>
<arg>${left_offset}</arg>
<arg>0</arg>
<doc>Runs the given keyword with given arguments and returns the status as a Boolean value.</doc>
<kw name="Click Element At Coordinates" library="RPA.Browser.Selenium">
<arg>${locator}</arg>
<arg>${left_offset}</arg>
<arg>0</arg>
<doc>Click the element ``locator`` at ``xoffset/yoffset``.</doc>
<msg timestamp="20250816 01:36:16.618" level="INFO">Clicking element '//li[normalize-space()='Quality Assurance']' at coordinates x=-276, y=0.</msg>
<status status="PASS" starttime="20250816 01:36:16.618" endtime="20250816 01:36:17.186"/>
</kw>
<msg timestamp="20250816 01:36:17.186" level="INFO">${status} = True</msg>
<status status="PASS" starttime="20250816 01:36:16.617" endtime="20250816 01:36:17.186"/>
</kw>
<if>
<branch type="IF" condition="not ${status}">
<kw name="Click Element At Coordinates" library="RPA.Browser.Selenium">
<arg>${locator}</arg>
<arg>${right_offset}</arg>
<arg>0</arg>
<doc>Click the element ``locator`` at ``xoffset/yoffset``.</doc>
<status status="NOT RUN" starttime="20250816 01:36:17.187" endtime="20250816 01:36:17.187"/>
</kw>
<status status="NOT RUN" starttime="20250816 01:36:17.187" endtime="20250816 01:36:17.187"/>
</branch>
<status status="PASS" starttime="20250816 01:36:17.187" endtime="20250816 01:36:17.187"/>
</if>
<status status="PASS" starttime="20250816 01:36:16.594" endtime="20250816 01:36:17.187"/>
</branch>
<status status="PASS" starttime="20250816 01:36:16.594" endtime="20250816 01:36:17.187"/>
</if>
<status status="PASS" starttime="20250816 01:36:16.584" endtime="20250816 01:36:17.187"/>
</kw>
<status status="PASS" starttime="20250816 01:36:16.584" endtime="20250816 01:36:17.188"/>
</kw>
<status status="PASS" starttime="20250816 01:36:16.583" endtime="20250816 01:36:17.188"/>
</kw>
<status status="PASS" starttime="20250816 01:36:16.221" endtime="20250816 01:36:17.188"/>
</kw>
<kw name="Wait And Click Element" library="Keyword_FE_Base">
<arg>${FILTER_BY_LOCATION}</arg>
<doc>Keyword to wait for element to be visible before clicking the element</doc>
<kw name="Wait Until Page Contains Element" library="RPA.Browser.Selenium">
<arg>${locator}</arg>
<arg>${Element_Timeout}</arg>
<doc>Waits until the element ``locator`` appears on the current page.</doc>
<status status="PASS" starttime="20250816 01:36:17.188" endtime="20250816 01:36:17.195"/>
</kw>
<kw name="Wait Until Scroll Element Into View Succeeds" library="Keyword_FE_Base">
<arg>${locator}</arg>
<doc>Keyword to wait until scroll element into view succeeds</doc>
<kw name="Wait Until Keyword Succeeds" library="BuiltIn">
<arg>${retry}</arg>
<arg>${retry_interval}</arg>
<arg>Scroll Element Into View</arg>
<arg>${locator}</arg>
<doc>Runs the specified keyword and retries if it fails.</doc>
<kw name="Scroll Element Into View" library="RPA.Browser.Selenium">
<arg>${locator}</arg>
<doc>Scrolls the element identified by ``locator`` into view.</doc>
<status status="PASS" starttime="20250816 01:36:17.198" endtime="20250816 01:36:17.495"/>
</kw>
<status status="PASS" starttime="20250816 01:36:17.197" endtime="20250816 01:36:17.495"/>
</kw>
<status status="PASS" starttime="20250816 01:36:17.196" endtime="20250816 01:36:17.495"/>
</kw>
<kw name="Wait Until Element Is Visible" library="RPA.Browser.Selenium">
<arg>${locator}</arg>
<arg>${Element_Timeout}</arg>
<doc>Waits until the element ``locator`` is visible.</doc>
<status status="PASS" starttime="20250816 01:36:17.496" endtime="20250816 01:36:17.511"/>
</kw>
<kw name="Wait Until Element Is Enabled" library="RPA.Browser.Selenium">
<arg>${locator}</arg>
<arg>${Element_Timeout}</arg>
<doc>Waits until the element ``locator`` is enabled.</doc>
<status status="PASS" starttime="20250816 01:36:17.511" endtime="20250816 01:36:17.526"/>
</kw>
<kw name="Wait Until Click Element Succeeds" library="Keyword_FE_Base">
<arg>${locator}</arg>
<arg>${press_key}</arg>
<doc>Keyword to wait until click element succeeds</doc>
<kw name="Wait Until Keyword Succeeds" library="BuiltIn">
<arg>${retry}</arg>
<arg>${retry_interval}</arg>
<arg>Click Element Center &amp; Edges</arg>
<arg>${locator}</arg>
<arg>${press_key}</arg>
<doc>Runs the specified keyword and retries if it fails.</doc>
<kw name="Click Element Center &amp; Edges" library="Keyword_FE_Base">
<arg>${locator}</arg>
<arg>${press_key}</arg>
<doc>Keyword to click center, left, and right edges of element</doc>
<kw name="Wait Until Page Contains Element" library="RPA.Browser.Selenium">
<arg>${locator}</arg>
<doc>Waits until the element ``locator`` appears on the current page.</doc>
<status status="PASS" starttime="20250816 01:36:17.527" endtime="20250816 01:36:17.537"/>
</kw>
<kw name="Run Keyword And Return Status" library="BuiltIn">
<var>${status}</var>
<arg>Click Element</arg>
<arg>${locator}</arg>
<arg>${press_key}</arg>
<doc>Runs the given keyword with given arguments and returns the status as a Boolean value.</doc>
<kw name="Click Element" library="RPA.Browser.Selenium">
<arg>${locator}</arg>
<arg>${press_key}</arg>
<doc>Click the element identified by ``locator``.</doc>
<msg timestamp="20250816 01:36:17.538" level="INFO">Clicking element '//*[@id='select2-filter-by-location-container']'.</msg>
<status status="PASS" starttime="20250816 01:36:17.537" endtime="20250816 01:36:17.586"/>
</kw>
<msg timestamp="20250816 01:36:17.586" level="INFO">${status} = True</msg>
<status status="PASS" starttime="20250816 01:36:17.537" endtime="20250816 01:36:17.586"/>
</kw>
<if>
<branch type="IF" condition="not ${status}">
<kw name="Get Element Size" library="RPA.Browser.Selenium">
<var>${width}</var>
<var>${height}</var>
<arg>${locator}</arg>
<doc>Returns width and height of the element identified by ``locator``.</doc>
<status status="NOT RUN" starttime="20250816 01:36:17.587" endtime="20250816 01:36:17.587"/>
</kw>
<kw name="Evaluate" library="BuiltIn">
<var>${right_offset}</var>
<arg>math.floor(${width}/2)</arg>
<doc>Evaluates the given expression in Python and returns the result.</doc>
<status status="NOT RUN" starttime="20250816 01:36:17.587" endtime="20250816 01:36:17.587"/>
</kw>
<kw name="Evaluate" library="BuiltIn">
<var>${left_offset}</var>
<arg>-${right_offset}</arg>
<doc>Evaluates the given expression in Python and returns the result.</doc>
<status status="NOT RUN" starttime="20250816 01:36:17.587" endtime="20250816 01:36:17.587"/>
</kw>
<kw name="Run Keyword And Return Status" library="BuiltIn">
<var>${status}</var>
<arg>Click Element At Coordinates</arg>
<arg>${locator}</arg>
<arg>${left_offset}</arg>
<arg>0</arg>
<doc>Runs the given keyword with given arguments and returns the status as a Boolean value.</doc>
<status status="NOT RUN" starttime="20250816 01:36:17.587" endtime="20250816 01:36:17.587"/>
</kw>
<if>
<branch type="IF" condition="not ${status}">
<kw name="Click Element At Coordinates" library="RPA.Browser.Selenium">
<arg>${locator}</arg>
<arg>${right_offset}</arg>
<arg>0</arg>
<doc>Click the element ``locator`` at ``xoffset/yoffset``.</doc>
<status status="NOT RUN" starttime="20250816 01:36:17.587" endtime="20250816 01:36:17.588"/>
</kw>
<status status="NOT RUN" starttime="20250816 01:36:17.587" endtime="20250816 01:36:17.588"/>
</branch>
<status status="NOT RUN" starttime="20250816 01:36:17.587" endtime="20250816 01:36:17.588"/>
</if>
<status status="NOT RUN" starttime="20250816 01:36:17.586" endtime="20250816 01:36:17.588"/>
</branch>
<status status="PASS" starttime="20250816 01:36:17.586" endtime="20250816 01:36:17.588"/>
</if>
<status status="PASS" starttime="20250816 01:36:17.527" endtime="20250816 01:36:17.588"/>
</kw>
<status status="PASS" starttime="20250816 01:36:17.526" endtime="20250816 01:36:17.588"/>
</kw>
<status status="PASS" starttime="20250816 01:36:17.526" endtime="20250816 01:36:17.588"/>
</kw>
<status status="PASS" starttime="20250816 01:36:17.188" endtime="20250816 01:36:17.588"/>
</kw>
<kw name="Wait And Click Element" library="Keyword_FE_Base">
<arg>//li[normalize-space()='${location}']</arg>
<doc>Keyword to wait for element to be visible before clicking the element</doc>
<kw name="Wait Until Page Contains Element" library="RPA.Browser.Selenium">
<arg>${locator}</arg>
<arg>${Element_Timeout}</arg>
<doc>Waits until the element ``locator`` appears on the current page.</doc>
<status status="PASS" starttime="20250816 01:36:17.589" endtime="20250816 01:36:17.601"/>
</kw>
<kw name="Wait Until Scroll Element Into View Succeeds" library="Keyword_FE_Base">
<arg>${locator}</arg>
<doc>Keyword to wait until scroll element into view succeeds</doc>
<kw name="Wait Until Keyword Succeeds" library="BuiltIn">
<arg>${retry}</arg>
<arg>${retry_interval}</arg>
<arg>Scroll Element Into View</arg>
<arg>${locator}</arg>
<doc>Runs the specified keyword and retries if it fails.</doc>
<kw name="Scroll Element Into View" library="RPA.Browser.Selenium">
<arg>${locator}</arg>
<doc>Scrolls the element identified by ``locator`` into view.</doc>
<status status="PASS" starttime="20250816 01:36:17.605" endtime="20250816 01:36:17.887"/>
</kw>
<status status="PASS" starttime="20250816 01:36:17.604" endtime="20250816 01:36:17.888"/>
</kw>
<status status="PASS" starttime="20250816 01:36:17.602" endtime="20250816 01:36:17.888"/>
</kw>
<kw name="Wait Until Element Is Visible" library="RPA.Browser.Selenium">
<arg>${locator}</arg>
<arg>${Element_Timeout}</arg>
<doc>Waits until the element ``locator`` is visible.</doc>
<status status="PASS" starttime="20250816 01:36:17.888" endtime="20250816 01:36:17.902"/>
</kw>
<kw name="Wait Until Element Is Enabled" library="RPA.Browser.Selenium">
<arg>${locator}</arg>
<arg>${Element_Timeout}</arg>
<doc>Waits until the element ``locator`` is enabled.</doc>
<status status="PASS" starttime="20250816 01:36:17.903" endtime="20250816 01:36:17.919"/>
</kw>
<kw name="Wait Until Click Element Succeeds" library="Keyword_FE_Base">
<arg>${locator}</arg>
<arg>${press_key}</arg>
<doc>Keyword to wait until click element succeeds</doc>
<kw name="Wait Until Keyword Succeeds" library="BuiltIn">
<arg>${retry}</arg>
<arg>${retry_interval}</arg>
<arg>Click Element Center &amp; Edges</arg>
<arg>${locator}</arg>
<arg>${press_key}</arg>
<doc>Runs the specified keyword and retries if it fails.</doc>
<kw name="Click Element Center &amp; Edges" library="Keyword_FE_Base">
<arg>${locator}</arg>
<arg>${press_key}</arg>
<doc>Keyword to click center, left, and right edges of element</doc>
<kw name="Wait Until Page Contains Element" library="RPA.Browser.Selenium">
<arg>${locator}</arg>
<doc>Waits until the element ``locator`` appears on the current page.</doc>
<status status="PASS" starttime="20250816 01:36:17.921" endtime="20250816 01:36:17.926"/>
</kw>
<kw name="Run Keyword And Return Status" library="BuiltIn">
<var>${status}</var>
<arg>Click Element</arg>
<arg>${locator}</arg>
<arg>${press_key}</arg>
<doc>Runs the given keyword with given arguments and returns the status as a Boolean value.</doc>
<kw name="Click Element" library="RPA.Browser.Selenium">
<arg>${locator}</arg>
<arg>${press_key}</arg>
<doc>Click the element identified by ``locator``.</doc>
<msg timestamp="20250816 01:36:17.926" level="INFO">Clicking element '//li[normalize-space()='Istanbul, Turkiye']'.</msg>
<status status="PASS" starttime="20250816 01:36:17.926" endtime="20250816 01:36:17.972"/>
</kw>
<msg timestamp="20250816 01:36:17.972" level="INFO">${status} = True</msg>
<status status="PASS" starttime="20250816 01:36:17.926" endtime="20250816 01:36:17.973"/>
</kw>
<if>
<branch type="IF" condition="not ${status}">
<kw name="Get Element Size" library="RPA.Browser.Selenium">
<var>${width}</var>
<var>${height}</var>
<arg>${locator}</arg>
<doc>Returns width and height of the element identified by ``locator``.</doc>
<status status="NOT RUN" starttime="20250816 01:36:17.973" endtime="20250816 01:36:17.973"/>
</kw>
<kw name="Evaluate" library="BuiltIn">
<var>${right_offset}</var>
<arg>math.floor(${width}/2)</arg>
<doc>Evaluates the given expression in Python and returns the result.</doc>
<status status="NOT RUN" starttime="20250816 01:36:17.973" endtime="20250816 01:36:17.973"/>
</kw>
<kw name="Evaluate" library="BuiltIn">
<var>${left_offset}</var>
<arg>-${right_offset}</arg>
<doc>Evaluates the given expression in Python and returns the result.</doc>
<status status="NOT RUN" starttime="20250816 01:36:17.973" endtime="20250816 01:36:17.973"/>
</kw>
<kw name="Run Keyword And Return Status" library="BuiltIn">
<var>${status}</var>
<arg>Click Element At Coordinates</arg>
<arg>${locator}</arg>
<arg>${left_offset}</arg>
<arg>0</arg>
<doc>Runs the given keyword with given arguments and returns the status as a Boolean value.</doc>
<status status="NOT RUN" starttime="20250816 01:36:17.973" endtime="20250816 01:36:17.974"/>
</kw>
<if>
<branch type="IF" condition="not ${status}">
<kw name="Click Element At Coordinates" library="RPA.Browser.Selenium">
<arg>${locator}</arg>
<arg>${right_offset}</arg>
<arg>0</arg>
<doc>Click the element ``locator`` at ``xoffset/yoffset``.</doc>
<status status="NOT RUN" starttime="20250816 01:36:17.974" endtime="20250816 01:36:17.974"/>
</kw>
<status status="NOT RUN" starttime="20250816 01:36:17.974" endtime="20250816 01:36:17.974"/>
</branch>
<status status="NOT RUN" starttime="20250816 01:36:17.974" endtime="20250816 01:36:17.975"/>
</if>
<status status="NOT RUN" starttime="20250816 01:36:17.973" endtime="20250816 01:36:17.975"/>
</branch>
<status status="PASS" starttime="20250816 01:36:17.973" endtime="20250816 01:36:17.975"/>
</if>
<status status="PASS" starttime="20250816 01:36:17.920" endtime="20250816 01:36:17.975"/>
</kw>
<status status="PASS" starttime="20250816 01:36:17.920" endtime="20250816 01:36:17.975"/>
</kw>
<status status="PASS" starttime="20250816 01:36:17.919" endtime="20250816 01:36:17.975"/>
</kw>
<status status="PASS" starttime="20250816 01:36:17.588" endtime="20250816 01:36:17.975"/>
</kw>
<kw name="Wait Until Element Is Visible" library="RPA.Browser.Selenium">
<arg>${JOB_LIST_CONTAINER}</arg>
<doc>Waits until the element ``locator`` is visible.</doc>
<status status="PASS" starttime="20250816 01:36:17.976" endtime="20250816 01:36:17.993"/>
</kw>
<kw name="Get Element Count" library="RPA.Browser.Selenium">
<var>${job_count}</var>
<arg>${JOB_CARD_ITEMS}</arg>
<doc>Returns the number of elements matching ``locator``.</doc>
<msg timestamp="20250816 01:36:18.004" level="INFO">${job_count} = 6</msg>
<status status="PASS" starttime="20250816 01:36:17.993" endtime="20250816 01:36:18.004"/>
</kw>
<kw name="Should Be True" library="BuiltIn">
<arg>${job_count} &gt; 0</arg>
<arg>No job found after filtering</arg>
<doc>Fails if the given condition is not true.</doc>
<status status="PASS" starttime="20250816 01:36:18.004" endtime="20250816 01:36:18.005"/>
</kw>
<status status="PASS" starttime="20250816 01:36:09.059" endtime="20250816 01:36:18.005"/>
</kw>
<kw name="Assert Job Cards Match Filters" library="Keyword_Career">
<arg>Quality Assurance</arg>
<arg>Quality Assurance</arg>
<arg>Istanbul, Turkiye</arg>
<doc>Verifies that *all* job cards match filters:</doc>
<kw name="Wait Until Element Is Visible" library="RPA.Browser.Selenium">
<arg>${JOB_LIST_CONTAINER}</arg>
<arg>10s</arg>
<doc>Waits until the element ``locator`` is visible.</doc>
<status status="PASS" starttime="20250816 01:36:18.006" endtime="20250816 01:36:18.019"/>
</kw>
<kw name="Get Element Count" library="RPA.Browser.Selenium">
<var>${cards}</var>
<arg>xpath=${QA_JOB_CARDS}</arg>
<doc>Returns the number of elements matching ``locator``.</doc>
<msg timestamp="20250816 01:36:18.028" level="INFO">${cards} = 3</msg>
<status status="PASS" starttime="20250816 01:36:18.019" endtime="20250816 01:36:18.028"/>
</kw>
<kw name="Should Be True" library="BuiltIn">
<arg>${cards} &gt; 0</arg>
<arg>No job cards found after filtering</arg>
<doc>Fails if the given condition is not true.</doc>
<status status="PASS" starttime="20250816 01:36:18.028" endtime="20250816 01:36:18.029"/>
</kw>
<kw name="Sleep" library="BuiltIn">
<arg>5s</arg>
<doc>Pauses the test executed for the given time.</doc>
<msg timestamp="20250816 01:36:23.030" level="INFO">Slept 5 seconds</msg>
<status status="PASS" starttime="20250816 01:36:18.029" endtime="20250816 01:36:23.031"/>
</kw>
<for flavor="IN RANGE">
<var>${i}</var>
<value>1</value>
<value>${cards}+1</value>
<iter>
<var name="${i}">1</var>
<kw name="Set Variable" library="BuiltIn">
<var>${CARD_N}</var>
<arg>xpath=(${QA_JOB_CARDS})[${i}]</arg>
<doc>Returns the given values which can then be assigned to a variables.</doc>
[...]
<doc>Returns the given values which can then be assigned to a variables.</doc>
<status status="NOT RUN" starttime="20250816 01:36:23.272" endtime="20250816 01:36:23.272"/>
</kw>
<status status="NOT RUN" starttime="20250816 01:36:23.272" endtime="20250816 01:36:23.272"/>
</branch>
<branch type="ELSE IF" condition="'${level}'=='ERROR'">
<kw name="Set Variable" library="BuiltIn">
<var>${icon}</var>
<arg>❌</arg>
<doc>Returns the given values which can then be assigned to a variables.</doc>
<status status="NOT RUN" starttime="20250816 01:36:23.272" endtime="20250816 01:36:23.272"/>
</kw>
<status status="NOT RUN" starttime="20250816 01:36:23.272" endtime="20250816 01:36:23.272"/>
</branch>
<branch type="ELSE IF" condition="'${level}'=='DEBUG'">
<kw name="Set Variable" library="BuiltIn">
<var>${icon}</var>
<arg>🔄</arg>
<doc>Returns the given values which can then be assigned to a variables.</doc>
<status status="NOT RUN" starttime="20250816 01:36:23.273" endtime="20250816 01:36:23.273"/>
</kw>
<status status="NOT RUN" starttime="20250816 01:36:23.272" endtime="20250816 01:36:23.273"/>
</branch>
<status status="PASS" starttime="20250816 01:36:23.271" endtime="20250816 01:36:23.273"/>
</if>
<kw name="Set Variable" library="BuiltIn">
<var>${line}</var>
<arg>${now} [${level}] ${icon} ${message}\n</arg>
<doc>Returns the given values which can then be assigned to a variables.</doc>
<msg timestamp="20250816 01:36:23.273" level="INFO">${line} = 2025-08-16 01:36:23 [INFO] ✅ Test Teardown started
</msg>
<status status="PASS" starttime="20250816 01:36:23.273" endtime="20250816 01:36:23.273"/>
</kw>
<kw name="Append To File" library="OperatingSystem">
<arg>${TEXT_LOG_FILE}</arg>
<arg>${line}</arg>
<doc>Appends the given content to the specified file.</doc>
<msg timestamp="20250816 01:36:23.274" level="INFO" html="true">Appended to file '&lt;a href="file://C:\Users\Fatih.arslancan.HAUD\OneDrive - HAUD Systems Ltd\Documents\Automation\fatih_arslancan_case\logs\log_20250816.log"&gt;C:\Users\Fatih.arslancan.HAUD\OneDrive - HAUD Systems Ltd\Documents\Automation\fatih_arslancan_case\logs\log_20250816.log&lt;/a&gt;'.</msg>
<status status="PASS" starttime="20250816 01:36:23.273" endtime="20250816 01:36:23.274"/>
</kw>
<kw name="Log" library="BuiltIn">
<arg>${icon} ${message}</arg>
<arg>${level}</arg>
<doc>Logs the given message with the given level.</doc>
<msg timestamp="20250816 01:36:23.275" level="INFO">✅ Test Teardown started</msg>
<status status="PASS" starttime="20250816 01:36:23.274" endtime="20250816 01:36:23.275"/>
</kw>
<status status="PASS" starttime="20250816 01:36:23.269" endtime="20250816 01:36:23.275"/>
</kw>
<status status="PASS" starttime="20250816 01:36:23.269" endtime="20250816 01:36:23.275"/>
</kw>
<status status="FAIL" starttime="20250816 01:36:23.107" endtime="20250816 01:36:23.275">Evaluating expression '''Account Director' does not contain 'Quality Assurance''==''' failed: SyntaxError: invalid syntax (&lt;string&gt;, line 1)</status>
</kw>
<doc>Test Case for Insider Careers UI validation</doc>
<tag>insider</tag>
<tag>ui_case</tag>
<status status="FAIL" starttime="20250816 01:35:58.416" endtime="20250816 01:36:23.276">'Account Director' does not contain 'Quality Assurance'

Also teardown failed:
Evaluating expression '''Account Director' does not contain 'Quality Assurance''==''' failed: SyntaxError: invalid syntax (&lt;string&gt;, line 1)</status>
</test>
<kw name="Run Keywords" library="BuiltIn" type="TEARDOWN">
<arg>Init Text Logger</arg>
<arg>AND</arg>
<arg>Log Info</arg>
<arg>Suite Teardown started</arg>
<arg>AND</arg>
<arg>Close Text Logger</arg>
<arg>AND</arg>
<arg>Close All Browsers</arg>
<arg>AND</arg>
<arg>Init Text Logger</arg>
<arg>AND</arg>
<arg>Log Info</arg>
<arg>Suite Teardown Done</arg>
<doc>Executes all the given keywords in a sequence.</doc>
<kw name="Init Text Logger" library="TextLogger">
<kw name="Get Current Date" library="DateTime">
<var>${date}</var>
<arg>result_format=${LOG_DATE_FMT}</arg>
<doc>Returns current local or UTC time with an optional increment.</doc>
<msg timestamp="20250816 01:36:23.278" level="INFO">${date} = 20250816</msg>
<status status="PASS" starttime="20250816 01:36:23.278" endtime="20250816 01:36:23.278"/>
</kw>
<kw name="Create Directory" library="OperatingSystem">
<arg>${log_dir}</arg>
<doc>Creates the specified directory.</doc>
<msg timestamp="20250816 01:36:23.279" level="INFO" html="true">Directory '&lt;a href="file://C:\Users\Fatih.arslancan.HAUD\OneDrive - HAUD Systems Ltd\Documents\Automation\fatih_arslancan_case\logs"&gt;C:\Users\Fatih.arslancan.HAUD\OneDrive - HAUD Systems Ltd\Documents\Automation\fatih_arslancan_case\logs&lt;/a&gt;' already exists.</msg>
<status status="PASS" starttime="20250816 01:36:23.278" endtime="20250816 01:36:23.279"/>
</kw>
<kw name="Set Variable" library="BuiltIn">
<var>${LOG_FILE}</var>
<arg>${log_dir}/${file_prefix}_${date}.log</arg>
<doc>Returns the given values which can then be assigned to a variables.</doc>
<msg timestamp="20250816 01:36:23.280" level="INFO">${LOG_FILE} = logs/log_20250816.log</msg>
<status status="PASS" starttime="20250816 01:36:23.279" endtime="20250816 01:36:23.280"/>
</kw>
<kw name="Set Suite Variable" library="BuiltIn">
<arg>${TEXT_LOG_FILE}</arg>
<arg>${LOG_FILE}</arg>
<doc>Makes a variable available everywhere within the scope of the current suite.</doc>
<msg timestamp="20250816 01:36:23.281" level="INFO">${TEXT_LOG_FILE} = logs/log_20250816.log</msg>
<status status="PASS" starttime="20250816 01:36:23.281" endtime="20250816 01:36:23.281"/>
</kw>
<kw name="Get Current Date" library="DateTime">
<var>${now}</var>
<arg>result_format=${LOG_TIME_FMT}</arg>
<doc>Returns current local or UTC time with an optional increment.</doc>
<msg timestamp="20250816 01:36:23.282" level="INFO">${now} = 2025-08-16 01:36:23</msg>
<status status="PASS" starttime="20250816 01:36:23.281" endtime="20250816 01:36:23.282"/>
</kw>
<kw name="Append To File" library="OperatingSystem">
<arg>${TEXT_LOG_FILE}</arg>
<arg>===== Run started ${now} =====\n</arg>
<doc>Appends the given content to the specified file.</doc>
<msg timestamp="20250816 01:36:23.283" level="INFO" html="true">Appended to file '&lt;a href="file://C:\Users\Fatih.arslancan.HAUD\OneDrive - HAUD Systems Ltd\Documents\Automation\fatih_arslancan_case\logs\log_20250816.log"&gt;C:\Users\Fatih.arslancan.HAUD\OneDrive - HAUD Systems Ltd\Documents\Automation\fatih_arslancan_case\logs\log_20250816.log&lt;/a&gt;'.</msg>
<status status="PASS" starttime="20250816 01:36:23.282" endtime="20250816 01:36:23.284"/>
</kw>
<status status="PASS" starttime="20250816 01:36:23.277" endtime="20250816 01:36:23.284"/>
</kw>
<kw name="Log Info" library="TextLogger">
<arg>Suite Teardown started</arg>
<kw name="Log At Level" library="TextLogger">
<arg>INFO</arg>
<arg>${message}</arg>
<kw name="Get Current Date" library="DateTime">
<var>${now}</var>
<arg>result_format=${LOG_TIME_FMT}</arg>
<doc>Returns current local or UTC time with an optional increment.</doc>
<msg timestamp="20250816 01:36:23.285" level="INFO">${now} = 2025-08-16 01:36:23</msg>
<status status="PASS" starttime="20250816 01:36:23.284" endtime="20250816 01:36:23.285"/>
</kw>
<kw name="Set Variable" library="BuiltIn">
<var>${icon}</var>
<arg>${EMPTY}</arg>
<doc>Returns the given values which can then be assigned to a variables.</doc>
<msg timestamp="20250816 01:36:23.286" level="INFO">${icon} = </msg>
<status status="PASS" starttime="20250816 01:36:23.285" endtime="20250816 01:36:23.286"/>
</kw>
<if>
<branch type="IF" condition="'${level}'=='INFO'">
<kw name="Set Variable" library="BuiltIn">
<var>${icon}</var>
<arg>✅</arg>
<doc>Returns the given values which can then be assigned to a variables.</doc>
<msg timestamp="20250816 01:36:23.287" level="INFO">${icon} = ✅</msg>
<status status="PASS" starttime="20250816 01:36:23.286" endtime="20250816 01:36:23.287"/>
</kw>
<status status="PASS" starttime="20250816 01:36:23.286" endtime="20250816 01:36:23.287"/>
</branch>
<branch type="ELSE IF" condition="'${level}'=='WARN'">
<kw name="Set Variable" library="BuiltIn">
<var>${icon}</var>
<arg>⚠️</arg>
<doc>Returns the given values which can then be assigned to a variables.</doc>
<status status="NOT RUN" starttime="20250816 01:36:23.287" endtime="20250816 01:36:23.287"/>
</kw>
<status status="NOT RUN" starttime="20250816 01:36:23.287" endtime="20250816 01:36:23.287"/>
</branch>
<branch type="ELSE IF" condition="'${level}'=='ERROR'">
<kw name="Set Variable" library="BuiltIn">
<var>${icon}</var>
<arg>❌</arg>
<doc>Returns the given values which can then be assigned to a variables.</doc>
<status status="NOT RUN" starttime="20250816 01:36:23.287" endtime="20250816 01:36:23.288"/>
</kw>
<status status="NOT RUN" starttime="20250816 01:36:23.287" endtime="20250816 01:36:23.288"/>
</branch>
<branch type="ELSE IF" condition="'${level}'=='DEBUG'">
<kw name="Set Variable" library="BuiltIn">
<var>${icon}</var>
<arg>🔄</arg>
<doc>Returns the given values which can then be assigned to a variables.</doc>
<status status="NOT RUN" starttime="20250816 01:36:23.288" endtime="20250816 01:36:23.288"/>
</kw>
<status status="NOT RUN" starttime="20250816 01:36:23.288" endtime="20250816 01:36:23.288"/>
</branch>
<status status="PASS" starttime="20250816 01:36:23.286" endtime="20250816 01:36:23.288"/>
</if>
<kw name="Set Variable" library="BuiltIn">
<var>${line}</var>
<arg>${now} [${level}] ${icon} ${message}\n</arg>
<doc>Returns the given values which can then be assigned to a variables.</doc>
<msg timestamp="20250816 01:36:23.288" level="INFO">${line} = 2025-08-16 01:36:23 [INFO] ✅ Suite Teardown started
</msg>
<status status="PASS" starttime="20250816 01:36:23.288" endtime="20250816 01:36:23.288"/>
</kw>
<kw name="Append To File" library="OperatingSystem">
<arg>${TEXT_LOG_FILE}</arg>
<arg>${line}</arg>
<doc>Appends the given content to the specified file.</doc>
<msg timestamp="20250816 01:36:23.290" level="INFO" html="true">Appended to file '&lt;a href="file://C:\Users\Fatih.arslancan.HAUD\OneDrive - HAUD Systems Ltd\Documents\Automation\fatih_arslancan_case\logs\log_20250816.log"&gt;C:\Users\Fatih.arslancan.HAUD\OneDrive - HAUD Systems Ltd\Documents\Automation\fatih_arslancan_case\logs\log_20250816.log&lt;/a&gt;'.</msg>
<status status="PASS" starttime="20250816 01:36:23.289" endtime="20250816 01:36:23.290"/>
</kw>
<kw name="Log" library="BuiltIn">
<arg>${icon} ${message}</arg>
<arg>${level}</arg>
<doc>Logs the given message with the given level.</doc>
<msg timestamp="20250816 01:36:23.290" level="INFO">✅ Suite Teardown started</msg>
<status status="PASS" starttime="20250816 01:36:23.290" endtime="20250816 01:36:23.290"/>
</kw>
<status status="PASS" starttime="20250816 01:36:23.284" endtime="20250816 01:36:23.291"/>
</kw>
<status status="PASS" starttime="20250816 01:36:23.284" endtime="20250816 01:36:23.291"/>
</kw>
<kw name="Close Text Logger" library="TextLogger">
<kw name="Get Current Date" library="DateTime">
<var>${now}</var>
<arg>result_format=${LOG_TIME_FMT}</arg>
<doc>Returns current local or UTC time with an optional increment.</doc>
<msg timestamp="20250816 01:36:23.291" level="INFO">${now} = 2025-08-16 01:36:23</msg>
<status status="PASS" starttime="20250816 01:36:23.291" endtime="20250816 01:36:23.291"/>
</kw>
<kw name="Append To File" library="OperatingSystem">
<arg>${TEXT_LOG_FILE}</arg>
<arg>===== Run finished ${now} =====\n</arg>
<doc>Appends the given content to the specified file.</doc>
<msg timestamp="20250816 01:36:23.293" level="INFO" html="true">Appended to file '&lt;a href="file://C:\Users\Fatih.arslancan.HAUD\OneDrive - HAUD Systems Ltd\Documents\Automation\fatih_arslancan_case\logs\log_20250816.log"&gt;C:\Users\Fatih.arslancan.HAUD\OneDrive - HAUD Systems Ltd\Documents\Automation\fatih_arslancan_case\logs\log_20250816.log&lt;/a&gt;'.</msg>
<status status="PASS" starttime="20250816 01:36:23.291" endtime="20250816 01:36:23.293"/>
</kw>
<status status="PASS" starttime="20250816 01:36:23.291" endtime="20250816 01:36:23.293"/>
</kw>
<kw name="Close All Browsers" library="RPA.Browser.Selenium">
<doc>Closes all open browsers and resets the browser cache.</doc>
<status status="PASS" starttime="20250816 01:36:23.293" endtime="20250816 01:36:30.521"/>
</kw>
<kw name="Init Text Logger" library="TextLogger">
<kw name="Get Current Date" library="DateTime">
<var>${date}</var>
<arg>result_format=${LOG_DATE_FMT}</arg>
<doc>Returns current local or UTC time with an optional increment.</doc>
<msg timestamp="20250816 01:36:30.522" level="INFO">${date} = 20250816</msg>
<status status="PASS" starttime="20250816 01:36:30.522" endtime="20250816 01:36:30.522"/>
</kw>
<kw name="Create Directory" library="OperatingSystem">
<arg>${log_dir}</arg>
<doc>Creates the specified directory.</doc>
<msg timestamp="20250816 01:36:30.522" level="INFO" html="true">Directory '&lt;a href="file://C:\Users\Fatih.arslancan.HAUD\OneDrive - HAUD Systems Ltd\Documents\Automation\fatih_arslancan_case\logs"&gt;C:\Users\Fatih.arslancan.HAUD\OneDrive - HAUD Systems Ltd\Documents\Automation\fatih_arslancan_case\logs&lt;/a&gt;' already exists.</msg>
<status status="PASS" starttime="20250816 01:36:30.522" endtime="20250816 01:36:30.523"/>
</kw>
<kw name="Set Variable" library="BuiltIn">
<var>${LOG_FILE}</var>
<arg>${log_dir}/${file_prefix}_${date}.log</arg>
<doc>Returns the given values which can then be assigned to a variables.</doc>
<msg timestamp="20250816 01:36:30.523" level="INFO">${LOG_FILE} = logs/log_20250816.log</msg>
<status status="PASS" starttime="20250816 01:36:30.523" endtime="20250816 01:36:30.523"/>
</kw>
<kw name="Set Suite Variable" library="BuiltIn">
<arg>${TEXT_LOG_FILE}</arg>
<arg>${LOG_FILE}</arg>
<doc>Makes a variable available everywhere within the scope of the current suite.</doc>
<msg timestamp="20250816 01:36:30.523" level="INFO">${TEXT_LOG_FILE} = logs/log_20250816.log</msg>
<status status="PASS" starttime="20250816 01:36:30.523" endtime="20250816 01:36:30.523"/>
</kw>
<kw name="Get Current Date" library="DateTime">
<var>${now}</var>
<arg>result_format=${LOG_TIME_FMT}</arg>
<doc>Returns current local or UTC time with an optional increment.</doc>
<msg timestamp="20250816 01:36:30.524" level="INFO">${now} = 2025-08-16 01:36:30</msg>
<status status="PASS" starttime="20250816 01:36:30.523" endtime="20250816 01:36:30.524"/>
</kw>
<kw name="Append To File" library="OperatingSystem">
<arg>${TEXT_LOG_FILE}</arg>
<arg>===== Run started ${now} =====\n</arg>
<doc>Appends the given content to the specified file.</doc>
<msg timestamp="20250816 01:36:30.524" level="INFO" html="true">Appended to file '&lt;a href="file://C:\Users\Fatih.arslancan.HAUD\OneDrive - HAUD Systems Ltd\Documents\Automation\fatih_arslancan_case\logs\log_20250816.log"&gt;C:\Users\Fatih.arslancan.HAUD\OneDrive - HAUD Systems Ltd\Documents\Automation\fatih_arslancan_case\logs\log_20250816.log&lt;/a&gt;'.</msg>
<status status="PASS" starttime="20250816 01:36:30.524" endtime="20250816 01:36:30.525"/>
</kw>
<status status="PASS" starttime="20250816 01:36:30.521" endtime="20250816 01:36:30.525"/>
</kw>
<kw name="Log Info" library="TextLogger">
<arg>Suite Teardown Done</arg>
<kw name="Log At Level" library="TextLogger">
<arg>INFO</arg>
<arg>${message}</arg>
<kw name="Get Current Date" library="DateTime">
<var>${now}</var>
<arg>result_format=${LOG_TIME_FMT}</arg>
<doc>Returns current local or UTC time with an optional increment.</doc>
<msg timestamp="20250816 01:36:30.526" level="INFO">${now} = 2025-08-16 01:36:30</msg>
<status status="PASS" starttime="20250816 01:36:30.525" endtime="20250816 01:36:30.526"/>
</kw>
<kw name="Set Variable" library="BuiltIn">
<var>${icon}</var>
<arg>${EMPTY}</arg>
<doc>Returns the given values which can then be assigned to a variables.</doc>
<msg timestamp="20250816 01:36:30.526" level="INFO">${icon} = </msg>
<status status="PASS" starttime="20250816 01:36:30.526" endtime="20250816 01:36:30.526"/>
</kw>
<if>
<branch type="IF" condition="'${level}'=='INFO'">
<kw name="Set Variable" library="BuiltIn">
<var>${icon}</var>
<arg>✅</arg>
<doc>Returns the given values which can then be assigned to a variables.</doc>
<msg timestamp="20250816 01:36:30.527" level="INFO">${icon} = ✅</msg>
<status status="PASS" starttime="20250816 01:36:30.527" endtime="20250816 01:36:30.527"/>
</kw>
<status status="PASS" starttime="20250816 01:36:30.527" endtime="20250816 01:36:30.527"/>
</branch>
<branch type="ELSE IF" condition="'${level}'=='WARN'">
<kw name="Set Variable" library="BuiltIn">
<var>${icon}</var>
<arg>⚠️</arg>
<doc>Returns the given values which can then be assigned to a variables.</doc>
<status status="NOT RUN" starttime="20250816 01:36:30.527" endtime="20250816 01:36:30.527"/>
</kw>
<status status="NOT RUN" starttime="20250816 01:36:30.527" endtime="20250816 01:36:30.527"/>
</branch>
<branch type="ELSE IF" condition="'${level}'=='ERROR'">
<kw name="Set Variable" library="BuiltIn">
<var>${icon}</var>
<arg>❌</arg>
<doc>Returns the given values which can then be assigned to a variables.</doc>
<status status="NOT RUN" starttime="20250816 01:36:30.527" endtime="20250816 01:36:30.528"/>
</kw>
<status status="NOT RUN" starttime="20250816 01:36:30.527" endtime="20250816 01:36:30.528"/>
</branch>
<branch type="ELSE IF" condition="'${level}'=='DEBUG'">
<kw name="Set Variable" library="BuiltIn">
<var>${icon}</var>
<arg>🔄</arg>
<doc>Returns the given values which can then be assigned to a variables.</doc>
<status status="NOT RUN" starttime="20250816 01:36:30.528" endtime="20250816 01:36:30.528"/>
</kw>
<status status="NOT RUN" starttime="20250816 01:36:30.528" endtime="20250816 01:36:30.528"/>
</branch>
<status status="PASS" starttime="20250816 01:36:30.527" endtime="20250816 01:36:30.528"/>
</if>
<kw name="Set Variable" library="BuiltIn">
<var>${line}</var>
<arg>${now} [${level}] ${icon} ${message}\n</arg>
<doc>Returns the given values which can then be assigned to a variables.</doc>
<msg timestamp="20250816 01:36:30.528" level="INFO">${line} = 2025-08-16 01:36:30 [INFO] ✅ Suite Teardown Done
</msg>
<status status="PASS" starttime="20250816 01:36:30.528" endtime="20250816 01:36:30.528"/>
</kw>
<kw name="Append To File" library="OperatingSystem">
<arg>${TEXT_LOG_FILE}</arg>
<arg>${line}</arg>
<doc>Appends the given content to the specified file.</doc>
<msg timestamp="20250816 01:36:30.529" level="INFO" html="true">Appended to file '&lt;a href="file://C:\Users\Fatih.arslancan.HAUD\OneDrive - HAUD Systems Ltd\Documents\Automation\fatih_arslancan_case\logs\log_20250816.log"&gt;C:\Users\Fatih.arslancan.HAUD\OneDrive - HAUD Systems Ltd\Documents\Automation\fatih_arslancan_case\logs\log_20250816.log&lt;/a&gt;'.</msg>
<status status="PASS" starttime="20250816 01:36:30.528" endtime="20250816 01:36:30.529"/>
</kw>
<kw name="Log" library="BuiltIn">
<arg>${icon} ${message}</arg>
<arg>${level}</arg>
<doc>Logs the given message with the given level.</doc>
<msg timestamp="20250816 01:36:30.529" level="INFO">✅ Suite Teardown Done</msg>
<status status="PASS" starttime="20250816 01:36:30.529" endtime="20250816 01:36:30.529"/>
</kw>
<status status="PASS" starttime="20250816 01:36:30.525" endtime="20250816 01:36:30.530"/>
</kw>
<status status="PASS" starttime="20250816 01:36:30.525" endtime="20250816 01:36:30.530"/>
</kw>
<status status="PASS" starttime="20250816 01:36:23.277" endtime="20250816 01:36:30.530"/>
</kw>
<doc>Test Cases related to Insider UI</doc>
<status status="FAIL" starttime="20250816 01:35:57.561" endtime="20250816 01:36:30.530"/>
</suite>
<statistics>
<total>
<stat pass="0" fail="1" skip="0">All Tests</stat>
</total>
<tag>
<stat pass="0" fail="1" skip="0">insider</stat>
<stat pass="0" fail="1" skip="0">ui_case</stat>
</tag>
<suite>
<stat pass="0" fail="1" skip="0" id="s1" name="TC FE">TC FE</stat>
</suite>
</statistics>
<errors>
<msg timestamp="20250816 01:36:23.131" level="ERROR">❌ Test FAILED: TC-FE01: Insider Careers - Search QA Jobs | 'Account Director' does not contain 'Quality Assurance'</msg>
</errors>
</robot>
